
2023-03-14-04-56-28:NullReferenceException: Object reference not set to an instance of an object
BaseWeapon.Update () (at Assets/Script/Player/Weapon/BaseWeapon.cs:43)
ShootGun.Update () (at Assets/Script/Player/Weapon/ShootGun.cs:15)



2023-03-14-04-56-28:NullReferenceException: Object reference not set to an instance of an object
BaseWeapon.Update () (at Assets/Script/Player/Weapon/BaseWeapon.cs:43)
Pistor.Update () (at Assets/Script/Player/Weapon/Pistor.cs:14)



2023-03-14-04-56-28:NullReferenceException: Object reference not set to an instance of an object
BaseWeapon.Update () (at Assets/Script/Player/Weapon/BaseWeapon.cs:43)
ShootGun.Update () (at Assets/Script/Player/Weapon/ShootGun.cs:15)



2023-03-14-04-56-29:NullReferenceException: Object reference not set to an instance of an object
BaseWeapon.Update () (at Assets/Script/Player/Weapon/BaseWeapon.cs:43)
Pistor.Update () (at Assets/Script/Player/Weapon/Pistor.cs:14)



2023-03-14-04-56-29:NullReferenceException: Object reference not set to an instance of an object
BaseWeapon.Update () (at Assets/Script/Player/Weapon/BaseWeapon.cs:43)
ShootGun.Update () (at Assets/Script/Player/Weapon/ShootGun.cs:15)



2023-03-14-04-56-29:NullReferenceException: Object reference not set to an instance of an object
BaseWeapon.Update () (at Assets/Script/Player/Weapon/BaseWeapon.cs:43)
Pistor.Update () (at Assets/Script/Player/Weapon/Pistor.cs:14)



2023-03-14-04-56-29:NullReferenceException: Object reference not set to an instance of an object
BaseWeapon.Update () (at Assets/Script/Player/Weapon/BaseWeapon.cs:43)
ShootGun.Update () (at Assets/Script/Player/Weapon/ShootGun.cs:15)



2023-03-14-04-56-29:NullReferenceException: Object reference not set to an instance of an object
BaseWeapon.Update () (at Assets/Script/Player/Weapon/BaseWeapon.cs:43)
Pistor.Update () (at Assets/Script/Player/Weapon/Pistor.cs:14)



2023-03-14-04-56-29:NullReferenceException: Object reference not set to an instance of an object
BaseWeapon.Update () (at Assets/Script/Player/Weapon/BaseWeapon.cs:43)
ShootGun.Update () (at Assets/Script/Player/Weapon/ShootGun.cs:15)



2023-03-14-04-56-29:NullReferenceException: Object reference not set to an instance of an object
BaseWeapon.Update () (at Assets/Script/Player/Weapon/BaseWeapon.cs:43)
Pistor.Update () (at Assets/Script/Player/Weapon/Pistor.cs:14)



2023-03-14-04-56-29:NullReferenceException: Object reference not set to an instance of an object
BaseWeapon.Update () (at Assets/Script/Player/Weapon/BaseWeapon.cs:43)
ShootGun.Update () (at Assets/Script/Player/Weapon/ShootGun.cs:15)



2023-03-14-04-56-29:NullReferenceException: Object reference not set to an instance of an object
BaseWeapon.Update () (at Assets/Script/Player/Weapon/BaseWeapon.cs:43)
Pistor.Update () (at Assets/Script/Player/Weapon/Pistor.cs:14)



2023-03-14-04-56-29:NullReferenceException: Object reference not set to an instance of an object
BaseWeapon.Update () (at Assets/Script/Player/Weapon/BaseWeapon.cs:43)
ShootGun.Update () (at Assets/Script/Player/Weapon/ShootGun.cs:15)



2023-03-14-04-56-29:NullReferenceException: Object reference not set to an instance of an object
BaseWeapon.Update () (at Assets/Script/Player/Weapon/BaseWeapon.cs:43)
Pistor.Update () (at Assets/Script/Player/Weapon/Pistor.cs:14)



2023-03-14-04-56-29:NullReferenceException: Object reference not set to an instance of an object
BaseWeapon.Update () (at Assets/Script/Player/Weapon/BaseWeapon.cs:43)
ShootGun.Update () (at Assets/Script/Player/Weapon/ShootGun.cs:15)



2023-03-14-04-56-29:NullReferenceException: Object reference not set to an instance of an object
BaseWeapon.Update () (at Assets/Script/Player/Weapon/BaseWeapon.cs:43)
Pistor.Update () (at Assets/Script/Player/Weapon/Pistor.cs:14)



2023-03-14-04-56-29:NullReferenceException: Object reference not set to an instance of an object
BaseWeapon.Update () (at Assets/Script/Player/Weapon/BaseWeapon.cs:43)
ShootGun.Update () (at Assets/Script/Player/Weapon/ShootGun.cs:15)



2023-03-14-04-56-29:NullReferenceException: Object reference not set to an instance of an object
BaseWeapon.Update () (at Assets/Script/Player/Weapon/BaseWeapon.cs:43)
Pistor.Update () (at Assets/Script/Player/Weapon/Pistor.cs:14)



2023-03-14-04-56-29:NullReferenceException: Object reference not set to an instance of an object
BaseWeapon.Update () (at Assets/Script/Player/Weapon/BaseWeapon.cs:43)
ShootGun.Update () (at Assets/Script/Player/Weapon/ShootGun.cs:15)



2023-03-14-04-56-29:NullReferenceException: Object reference not set to an instance of an object
BaseWeapon.Update () (at Assets/Script/Player/Weapon/BaseWeapon.cs:43)
Pistor.Update () (at Assets/Script/Player/Weapon/Pistor.cs:14)



2023-03-14-04-56-29:NullReferenceException: Object reference not set to an instance of an object
BaseWeapon.Update () (at Assets/Script/Player/Weapon/BaseWeapon.cs:43)
ShootGun.Update () (at Assets/Script/Player/Weapon/ShootGun.cs:15)



2023-03-14-04-56-29:NullReferenceException: Object reference not set to an instance of an object
BaseWeapon.Update () (at Assets/Script/Player/Weapon/BaseWeapon.cs:43)
Pistor.Update () (at Assets/Script/Player/Weapon/Pistor.cs:14)



2023-03-14-04-56-29:NullReferenceException: Object reference not set to an instance of an object
BaseWeapon.Update () (at Assets/Script/Player/Weapon/BaseWeapon.cs:43)
ShootGun.Update () (at Assets/Script/Player/Weapon/ShootGun.cs:15)



2023-03-14-04-56-29:NullReferenceException: Object reference not set to an instance of an object
BaseWeapon.Update () (at Assets/Script/Player/Weapon/BaseWeapon.cs:43)
Pistor.Update () (at Assets/Script/Player/Weapon/Pistor.cs:14)



2023-03-14-04-56-29:NullReferenceException: Object reference not set to an instance of an object
BaseWeapon.Update () (at Assets/Script/Player/Weapon/BaseWeapon.cs:43)
ShootGun.Update () (at Assets/Script/Player/Weapon/ShootGun.cs:15)



2023-03-14-04-56-29:NullReferenceException: Object reference not set to an instance of an object
BaseWeapon.Update () (at Assets/Script/Player/Weapon/BaseWeapon.cs:43)
Pistor.Update () (at Assets/Script/Player/Weapon/Pistor.cs:14)



2023-03-14-04-56-29:NullReferenceException: Object reference not set to an instance of an object
BaseWeapon.Update () (at Assets/Script/Player/Weapon/BaseWeapon.cs:43)
ShootGun.Update () (at Assets/Script/Player/Weapon/ShootGun.cs:15)



2023-03-14-04-56-29:NullReferenceException: Object reference not set to an instance of an object
BaseWeapon.Update () (at Assets/Script/Player/Weapon/BaseWeapon.cs:43)
Pistor.Update () (at Assets/Script/Player/Weapon/Pistor.cs:14)



2023-03-14-04-56-29:NullReferenceException: Object reference not set to an instance of an object
BaseWeapon.Update () (at Assets/Script/Player/Weapon/BaseWeapon.cs:43)
ShootGun.Update () (at Assets/Script/Player/Weapon/ShootGun.cs:15)



2023-03-14-04-56-29:NullReferenceException: Object reference not set to an instance of an object
BaseWeapon.Update () (at Assets/Script/Player/Weapon/BaseWeapon.cs:43)
Pistor.Update () (at Assets/Script/Player/Weapon/Pistor.cs:14)



2023-03-14-04-56-29:NullReferenceException: Object reference not set to an instance of an object
BaseWeapon.Update () (at Assets/Script/Player/Weapon/BaseWeapon.cs:43)
ShootGun.Update () (at Assets/Script/Player/Weapon/ShootGun.cs:15)



2023-03-14-04-56-29:NullReferenceException: Object reference not set to an instance of an object
BaseWeapon.Update () (at Assets/Script/Player/Weapon/BaseWeapon.cs:43)
Pistor.Update () (at Assets/Script/Player/Weapon/Pistor.cs:14)



2023-03-14-04-56-29:NullReferenceException: Object reference not set to an instance of an object
BaseWeapon.Update () (at Assets/Script/Player/Weapon/BaseWeapon.cs:43)
ShootGun.Update () (at Assets/Script/Player/Weapon/ShootGun.cs:15)



2023-03-14-04-56-29:NullReferenceException: Object reference not set to an instance of an object
BaseWeapon.Update () (at Assets/Script/Player/Weapon/BaseWeapon.cs:43)
Pistor.Update () (at Assets/Script/Player/Weapon/Pistor.cs:14)



2023-03-14-04-56-29:NullReferenceException: Object reference not set to an instance of an object
BaseWeapon.Update () (at Assets/Script/Player/Weapon/BaseWeapon.cs:43)
ShootGun.Update () (at Assets/Script/Player/Weapon/ShootGun.cs:15)



2023-03-14-04-56-29:NullReferenceException: Object reference not set to an instance of an object
BaseWeapon.Update () (at Assets/Script/Player/Weapon/BaseWeapon.cs:43)
Pistor.Update () (at Assets/Script/Player/Weapon/Pistor.cs:14)



2023-03-14-04-56-29:NullReferenceException: Object reference not set to an instance of an object
BaseWeapon.Update () (at Assets/Script/Player/Weapon/BaseWeapon.cs:43)
ShootGun.Update () (at Assets/Script/Player/Weapon/ShootGun.cs:15)



2023-03-14-04-56-29:NullReferenceException: Object reference not set to an instance of an object
BaseWeapon.Update () (at Assets/Script/Player/Weapon/BaseWeapon.cs:43)
Pistor.Update () (at Assets/Script/Player/Weapon/Pistor.cs:14)



2023-03-14-04-56-29:NullReferenceException: Object reference not set to an instance of an object
BaseWeapon.Update () (at Assets/Script/Player/Weapon/BaseWeapon.cs:43)
ShootGun.Update () (at Assets/Script/Player/Weapon/ShootGun.cs:15)



2023-03-14-04-56-29:NullReferenceException: Object reference not set to an instance of an object
BaseWeapon.Update () (at Assets/Script/Player/Weapon/BaseWeapon.cs:43)
Pistor.Update () (at Assets/Script/Player/Weapon/Pistor.cs:14)



2023-03-14-04-56-29:NullReferenceException: Object reference not set to an instance of an object
BaseWeapon.Update () (at Assets/Script/Player/Weapon/BaseWeapon.cs:43)
ShootGun.Update () (at Assets/Script/Player/Weapon/ShootGun.cs:15)



2023-03-14-04-56-29:NullReferenceException: Object reference not set to an instance of an object
BaseWeapon.Update () (at Assets/Script/Player/Weapon/BaseWeapon.cs:43)
Pistor.Update () (at Assets/Script/Player/Weapon/Pistor.cs:14)



2023-03-14-04-56-29:NullReferenceException: Object reference not set to an instance of an object
BaseWeapon.Update () (at Assets/Script/Player/Weapon/BaseWeapon.cs:43)
ShootGun.Update () (at Assets/Script/Player/Weapon/ShootGun.cs:15)



2023-03-14-04-56-29:NullReferenceException: Object reference not set to an instance of an object
BaseWeapon.Update () (at Assets/Script/Player/Weapon/BaseWeapon.cs:43)
Pistor.Update () (at Assets/Script/Player/Weapon/Pistor.cs:14)



2023-03-14-04-56-29:NullReferenceException: Object reference not set to an instance of an object
BaseWeapon.Update () (at Assets/Script/Player/Weapon/BaseWeapon.cs:43)
ShootGun.Update () (at Assets/Script/Player/Weapon/ShootGun.cs:15)



2023-03-14-04-56-29:NullReferenceException: Object reference not set to an instance of an object
BaseWeapon.Update () (at Assets/Script/Player/Weapon/BaseWeapon.cs:43)
Pistor.Update () (at Assets/Script/Player/Weapon/Pistor.cs:14)



2023-03-14-04-56-29:NullReferenceException: Object reference not set to an instance of an object
BaseWeapon.Update () (at Assets/Script/Player/Weapon/BaseWeapon.cs:43)
ShootGun.Update () (at Assets/Script/Player/Weapon/ShootGun.cs:15)



2023-03-14-04-56-29:NullReferenceException: Object reference not set to an instance of an object
BaseWeapon.Update () (at Assets/Script/Player/Weapon/BaseWeapon.cs:43)
Pistor.Update () (at Assets/Script/Player/Weapon/Pistor.cs:14)



2023-03-14-04-56-29:NullReferenceException: Object reference not set to an instance of an object
BaseWeapon.Update () (at Assets/Script/Player/Weapon/BaseWeapon.cs:43)
ShootGun.Update () (at Assets/Script/Player/Weapon/ShootGun.cs:15)



2023-03-14-04-56-29:NullReferenceException: Object reference not set to an instance of an object
BaseWeapon.Update () (at Assets/Script/Player/Weapon/BaseWeapon.cs:43)
Pistor.Update () (at Assets/Script/Player/Weapon/Pistor.cs:14)



2023-03-14-04-56-29:NullReferenceException: Object reference not set to an instance of an object
BaseWeapon.Update () (at Assets/Script/Player/Weapon/BaseWeapon.cs:43)
ShootGun.Update () (at Assets/Script/Player/Weapon/ShootGun.cs:15)



2023-03-14-04-56-29:NullReferenceException: Object reference not set to an instance of an object
BaseWeapon.Update () (at Assets/Script/Player/Weapon/BaseWeapon.cs:43)
Pistor.Update () (at Assets/Script/Player/Weapon/Pistor.cs:14)



2023-03-14-04-56-29:NullReferenceException: Object reference not set to an instance of an object
BaseWeapon.Update () (at Assets/Script/Player/Weapon/BaseWeapon.cs:43)
ShootGun.Update () (at Assets/Script/Player/Weapon/ShootGun.cs:15)



2023-03-14-04-56-29:NullReferenceException: Object reference not set to an instance of an object
BaseWeapon.Update () (at Assets/Script/Player/Weapon/BaseWeapon.cs:43)
Pistor.Update () (at Assets/Script/Player/Weapon/Pistor.cs:14)



2023-03-14-04-56-29:NullReferenceException: Object reference not set to an instance of an object
BaseWeapon.Update () (at Assets/Script/Player/Weapon/BaseWeapon.cs:43)
ShootGun.Update () (at Assets/Script/Player/Weapon/ShootGun.cs:15)



2023-03-14-04-56-29:NullReferenceException: Object reference not set to an instance of an object
BaseWeapon.Update () (at Assets/Script/Player/Weapon/BaseWeapon.cs:43)
Pistor.Update () (at Assets/Script/Player/Weapon/Pistor.cs:14)



2023-03-14-04-56-29:NullReferenceException: Object reference not set to an instance of an object
BaseWeapon.Update () (at Assets/Script/Player/Weapon/BaseWeapon.cs:43)
ShootGun.Update () (at Assets/Script/Player/Weapon/ShootGun.cs:15)



2023-03-14-04-56-29:NullReferenceException: Object reference not set to an instance of an object
BaseWeapon.Update () (at Assets/Script/Player/Weapon/BaseWeapon.cs:43)
Pistor.Update () (at Assets/Script/Player/Weapon/Pistor.cs:14)



2023-03-14-04-56-29:NullReferenceException: Object reference not set to an instance of an object
BaseWeapon.Update () (at Assets/Script/Player/Weapon/BaseWeapon.cs:43)
ShootGun.Update () (at Assets/Script/Player/Weapon/ShootGun.cs:15)



2023-03-14-04-56-29:NullReferenceException: Object reference not set to an instance of an object
BaseWeapon.Update () (at Assets/Script/Player/Weapon/BaseWeapon.cs:43)
Pistor.Update () (at Assets/Script/Player/Weapon/Pistor.cs:14)



2023-03-14-04-56-29:NullReferenceException: Object reference not set to an instance of an object
BaseWeapon.Update () (at Assets/Script/Player/Weapon/BaseWeapon.cs:43)
ShootGun.Update () (at Assets/Script/Player/Weapon/ShootGun.cs:15)



2023-03-14-04-56-29:NullReferenceException: Object reference not set to an instance of an object
BaseWeapon.Update () (at Assets/Script/Player/Weapon/BaseWeapon.cs:43)
Pistor.Update () (at Assets/Script/Player/Weapon/Pistor.cs:14)



2023-03-14-04-56-29:NullReferenceException: Object reference not set to an instance of an object
BaseWeapon.Update () (at Assets/Script/Player/Weapon/BaseWeapon.cs:43)
ShootGun.Update () (at Assets/Script/Player/Weapon/ShootGun.cs:15)



2023-03-14-04-56-29:NullReferenceException: Object reference not set to an instance of an object
BaseWeapon.Update () (at Assets/Script/Player/Weapon/BaseWeapon.cs:43)
Pistor.Update () (at Assets/Script/Player/Weapon/Pistor.cs:14)



2023-03-14-04-56-29:NullReferenceException: Object reference not set to an instance of an object
BaseWeapon.Update () (at Assets/Script/Player/Weapon/BaseWeapon.cs:43)
ShootGun.Update () (at Assets/Script/Player/Weapon/ShootGun.cs:15)



2023-03-14-04-56-29:NullReferenceException: Object reference not set to an instance of an object
BaseWeapon.Update () (at Assets/Script/Player/Weapon/BaseWeapon.cs:43)
Pistor.Update () (at Assets/Script/Player/Weapon/Pistor.cs:14)



2023-03-14-04-56-29:NullReferenceException: Object reference not set to an instance of an object
BaseWeapon.Update () (at Assets/Script/Player/Weapon/BaseWeapon.cs:43)
ShootGun.Update () (at Assets/Script/Player/Weapon/ShootGun.cs:15)



2023-03-14-04-56-29:NullReferenceException: Object reference not set to an instance of an object
BaseWeapon.Update () (at Assets/Script/Player/Weapon/BaseWeapon.cs:43)
Pistor.Update () (at Assets/Script/Player/Weapon/Pistor.cs:14)



2023-03-14-04-56-29:NullReferenceException: Object reference not set to an instance of an object
BaseWeapon.Update () (at Assets/Script/Player/Weapon/BaseWeapon.cs:43)
ShootGun.Update () (at Assets/Script/Player/Weapon/ShootGun.cs:15)



2023-03-14-04-56-29:NullReferenceException: Object reference not set to an instance of an object
BaseWeapon.Update () (at Assets/Script/Player/Weapon/BaseWeapon.cs:43)
Pistor.Update () (at Assets/Script/Player/Weapon/Pistor.cs:14)



2023-03-14-04-56-29:NullReferenceException: Object reference not set to an instance of an object
BaseWeapon.Update () (at Assets/Script/Player/Weapon/BaseWeapon.cs:43)
ShootGun.Update () (at Assets/Script/Player/Weapon/ShootGun.cs:15)



2023-03-14-04-56-29:NullReferenceException: Object reference not set to an instance of an object
BaseWeapon.Update () (at Assets/Script/Player/Weapon/BaseWeapon.cs:43)
Pistor.Update () (at Assets/Script/Player/Weapon/Pistor.cs:14)



2023-03-14-04-56-29:NullReferenceException: Object reference not set to an instance of an object
BaseWeapon.Update () (at Assets/Script/Player/Weapon/BaseWeapon.cs:43)
ShootGun.Update () (at Assets/Script/Player/Weapon/ShootGun.cs:15)



2023-03-14-04-56-29:NullReferenceException: Object reference not set to an instance of an object
BaseWeapon.Update () (at Assets/Script/Player/Weapon/BaseWeapon.cs:43)
Pistor.Update () (at Assets/Script/Player/Weapon/Pistor.cs:14)



2023-03-14-04-56-30:NullReferenceException: Object reference not set to an instance of an object
BaseWeapon.Update () (at Assets/Script/Player/Weapon/BaseWeapon.cs:43)
ShootGun.Update () (at Assets/Script/Player/Weapon/ShootGun.cs:15)



2023-03-14-04-56-30:NullReferenceException: Object reference not set to an instance of an object
BaseWeapon.Update () (at Assets/Script/Player/Weapon/BaseWeapon.cs:43)
Pistor.Update () (at Assets/Script/Player/Weapon/Pistor.cs:14)



2023-03-14-04-56-30:NullReferenceException: Object reference not set to an instance of an object
BaseWeapon.Update () (at Assets/Script/Player/Weapon/BaseWeapon.cs:43)
ShootGun.Update () (at Assets/Script/Player/Weapon/ShootGun.cs:15)



2023-03-14-04-56-30:NullReferenceException: Object reference not set to an instance of an object
BaseWeapon.Update () (at Assets/Script/Player/Weapon/BaseWeapon.cs:43)
Pistor.Update () (at Assets/Script/Player/Weapon/Pistor.cs:14)



2023-03-14-04-56-30:NullReferenceException: Object reference not set to an instance of an object
BaseWeapon.Update () (at Assets/Script/Player/Weapon/BaseWeapon.cs:43)
ShootGun.Update () (at Assets/Script/Player/Weapon/ShootGun.cs:15)



2023-03-14-04-56-30:NullReferenceException: Object reference not set to an instance of an object
BaseWeapon.Update () (at Assets/Script/Player/Weapon/BaseWeapon.cs:43)
Pistor.Update () (at Assets/Script/Player/Weapon/Pistor.cs:14)



2023-03-14-04-56-30:NullReferenceException: Object reference not set to an instance of an object
BaseWeapon.Update () (at Assets/Script/Player/Weapon/BaseWeapon.cs:43)
ShootGun.Update () (at Assets/Script/Player/Weapon/ShootGun.cs:15)



2023-03-14-04-56-30:NullReferenceException: Object reference not set to an instance of an object
BaseWeapon.Update () (at Assets/Script/Player/Weapon/BaseWeapon.cs:43)
Pistor.Update () (at Assets/Script/Player/Weapon/Pistor.cs:14)



2023-03-14-04-56-30:NullReferenceException: Object reference not set to an instance of an object
BaseWeapon.Update () (at Assets/Script/Player/Weapon/BaseWeapon.cs:43)
ShootGun.Update () (at Assets/Script/Player/Weapon/ShootGun.cs:15)



2023-03-14-04-56-30:NullReferenceException: Object reference not set to an instance of an object
BaseWeapon.Update () (at Assets/Script/Player/Weapon/BaseWeapon.cs:43)
Pistor.Update () (at Assets/Script/Player/Weapon/Pistor.cs:14)



2023-03-14-04-56-30:NullReferenceException: Object reference not set to an instance of an object
BaseWeapon.Update () (at Assets/Script/Player/Weapon/BaseWeapon.cs:43)
ShootGun.Update () (at Assets/Script/Player/Weapon/ShootGun.cs:15)



2023-03-14-04-56-30:NullReferenceException: Object reference not set to an instance of an object
BaseWeapon.Update () (at Assets/Script/Player/Weapon/BaseWeapon.cs:43)
Pistor.Update () (at Assets/Script/Player/Weapon/Pistor.cs:14)



2023-03-14-04-56-30:NullReferenceException: Object reference not set to an instance of an object
BaseWeapon.Update () (at Assets/Script/Player/Weapon/BaseWeapon.cs:43)
ShootGun.Update () (at Assets/Script/Player/Weapon/ShootGun.cs:15)



2023-03-14-04-56-30:NullReferenceException: Object reference not set to an instance of an object
BaseWeapon.Update () (at Assets/Script/Player/Weapon/BaseWeapon.cs:43)
Pistor.Update () (at Assets/Script/Player/Weapon/Pistor.cs:14)



2023-03-14-04-56-30:NullReferenceException: Object reference not set to an instance of an object
BaseWeapon.Update () (at Assets/Script/Player/Weapon/BaseWeapon.cs:43)
ShootGun.Update () (at Assets/Script/Player/Weapon/ShootGun.cs:15)



2023-03-14-04-56-30:NullReferenceException: Object reference not set to an instance of an object
BaseWeapon.Update () (at Assets/Script/Player/Weapon/BaseWeapon.cs:43)
Pistor.Update () (at Assets/Script/Player/Weapon/Pistor.cs:14)



2023-03-14-04-56-30:NullReferenceException: Object reference not set to an instance of an object
BaseWeapon.Update () (at Assets/Script/Player/Weapon/BaseWeapon.cs:43)
ShootGun.Update () (at Assets/Script/Player/Weapon/ShootGun.cs:15)



2023-03-14-04-56-30:NullReferenceException: Object reference not set to an instance of an object
BaseWeapon.Update () (at Assets/Script/Player/Weapon/BaseWeapon.cs:43)
Pistor.Update () (at Assets/Script/Player/Weapon/Pistor.cs:14)



2023-03-14-04-56-30:NullReferenceException: Object reference not set to an instance of an object
BaseWeapon.Update () (at Assets/Script/Player/Weapon/BaseWeapon.cs:43)
ShootGun.Update () (at Assets/Script/Player/Weapon/ShootGun.cs:15)



2023-03-14-04-56-30:NullReferenceException: Object reference not set to an instance of an object
BaseWeapon.Update () (at Assets/Script/Player/Weapon/BaseWeapon.cs:43)
Pistor.Update () (at Assets/Script/Player/Weapon/Pistor.cs:14)



2023-03-14-04-56-30:NullReferenceException: Object reference not set to an instance of an object
BaseWeapon.Update () (at Assets/Script/Player/Weapon/BaseWeapon.cs:43)
ShootGun.Update () (at Assets/Script/Player/Weapon/ShootGun.cs:15)



2023-03-14-04-56-30:NullReferenceException: Object reference not set to an instance of an object
BaseWeapon.Update () (at Assets/Script/Player/Weapon/BaseWeapon.cs:43)
Pistor.Update () (at Assets/Script/Player/Weapon/Pistor.cs:14)



2023-03-14-04-56-30:NullReferenceException: Object reference not set to an instance of an object
BaseWeapon.Update () (at Assets/Script/Player/Weapon/BaseWeapon.cs:43)
ShootGun.Update () (at Assets/Script/Player/Weapon/ShootGun.cs:15)



2023-03-14-04-56-30:NullReferenceException: Object reference not set to an instance of an object
BaseWeapon.Update () (at Assets/Script/Player/Weapon/BaseWeapon.cs:43)
Pistor.Update () (at Assets/Script/Player/Weapon/Pistor.cs:14)



2023-03-14-04-56-30:NullReferenceException: Object reference not set to an instance of an object
BaseWeapon.Update () (at Assets/Script/Player/Weapon/BaseWeapon.cs:43)
ShootGun.Update () (at Assets/Script/Player/Weapon/ShootGun.cs:15)



2023-03-14-04-56-30:NullReferenceException: Object reference not set to an instance of an object
BaseWeapon.Update () (at Assets/Script/Player/Weapon/BaseWeapon.cs:43)
Pistor.Update () (at Assets/Script/Player/Weapon/Pistor.cs:14)



2023-03-14-04-56-30:NullReferenceException: Object reference not set to an instance of an object
BaseWeapon.Update () (at Assets/Script/Player/Weapon/BaseWeapon.cs:43)
ShootGun.Update () (at Assets/Script/Player/Weapon/ShootGun.cs:15)



2023-03-14-04-56-30:NullReferenceException: Object reference not set to an instance of an object
BaseWeapon.Update () (at Assets/Script/Player/Weapon/BaseWeapon.cs:43)
Pistor.Update () (at Assets/Script/Player/Weapon/Pistor.cs:14)



2023-03-14-04-56-30:NullReferenceException: Object reference not set to an instance of an object
BaseWeapon.Update () (at Assets/Script/Player/Weapon/BaseWeapon.cs:43)
ShootGun.Update () (at Assets/Script/Player/Weapon/ShootGun.cs:15)



2023-03-14-04-56-30:NullReferenceException: Object reference not set to an instance of an object
BaseWeapon.Update () (at Assets/Script/Player/Weapon/BaseWeapon.cs:43)
Pistor.Update () (at Assets/Script/Player/Weapon/Pistor.cs:14)



2023-03-14-04-56-30:NullReferenceException: Object reference not set to an instance of an object
BaseWeapon.Update () (at Assets/Script/Player/Weapon/BaseWeapon.cs:43)
ShootGun.Update () (at Assets/Script/Player/Weapon/ShootGun.cs:15)



2023-03-14-04-56-30:NullReferenceException: Object reference not set to an instance of an object
BaseWeapon.Update () (at Assets/Script/Player/Weapon/BaseWeapon.cs:43)
Pistor.Update () (at Assets/Script/Player/Weapon/Pistor.cs:14)



2023-03-14-04-56-30:NullReferenceException: Object reference not set to an instance of an object
BaseWeapon.Update () (at Assets/Script/Player/Weapon/BaseWeapon.cs:43)
ShootGun.Update () (at Assets/Script/Player/Weapon/ShootGun.cs:15)



2023-03-14-04-56-30:NullReferenceException: Object reference not set to an instance of an object
BaseWeapon.Update () (at Assets/Script/Player/Weapon/BaseWeapon.cs:43)
Pistor.Update () (at Assets/Script/Player/Weapon/Pistor.cs:14)



2023-03-14-04-56-30:NullReferenceException: Object reference not set to an instance of an object
BaseWeapon.Update () (at Assets/Script/Player/Weapon/BaseWeapon.cs:43)
ShootGun.Update () (at Assets/Script/Player/Weapon/ShootGun.cs:15)



2023-03-14-04-56-30:NullReferenceException: Object reference not set to an instance of an object
BaseWeapon.Update () (at Assets/Script/Player/Weapon/BaseWeapon.cs:43)
Pistor.Update () (at Assets/Script/Player/Weapon/Pistor.cs:14)



2023-03-14-04-56-30:NullReferenceException: Object reference not set to an instance of an object
BaseWeapon.Update () (at Assets/Script/Player/Weapon/BaseWeapon.cs:43)
ShootGun.Update () (at Assets/Script/Player/Weapon/ShootGun.cs:15)



2023-03-14-04-56-30:NullReferenceException: Object reference not set to an instance of an object
BaseWeapon.Update () (at Assets/Script/Player/Weapon/BaseWeapon.cs:43)
Pistor.Update () (at Assets/Script/Player/Weapon/Pistor.cs:14)



2023-03-14-04-56-30:NullReferenceException: Object reference not set to an instance of an object
BaseWeapon.Update () (at Assets/Script/Player/Weapon/BaseWeapon.cs:43)
ShootGun.Update () (at Assets/Script/Player/Weapon/ShootGun.cs:15)



2023-03-14-04-56-30:NullReferenceException: Object reference not set to an instance of an object
BaseWeapon.Update () (at Assets/Script/Player/Weapon/BaseWeapon.cs:43)
Pistor.Update () (at Assets/Script/Player/Weapon/Pistor.cs:14)



2023-03-14-04-56-30:NullReferenceException: Object reference not set to an instance of an object
BaseWeapon.Update () (at Assets/Script/Player/Weapon/BaseWeapon.cs:43)
ShootGun.Update () (at Assets/Script/Player/Weapon/ShootGun.cs:15)



2023-03-14-04-56-30:NullReferenceException: Object reference not set to an instance of an object
BaseWeapon.Update () (at Assets/Script/Player/Weapon/BaseWeapon.cs:43)
Pistor.Update () (at Assets/Script/Player/Weapon/Pistor.cs:14)



2023-03-14-04-56-30:NullReferenceException: Object reference not set to an instance of an object
BaseWeapon.Update () (at Assets/Script/Player/Weapon/BaseWeapon.cs:43)
ShootGun.Update () (at Assets/Script/Player/Weapon/ShootGun.cs:15)



2023-03-14-04-56-30:NullReferenceException: Object reference not set to an instance of an object
BaseWeapon.Update () (at Assets/Script/Player/Weapon/BaseWeapon.cs:43)
Pistor.Update () (at Assets/Script/Player/Weapon/Pistor.cs:14)



2023-03-14-04-56-30:NullReferenceException: Object reference not set to an instance of an object
BaseWeapon.Update () (at Assets/Script/Player/Weapon/BaseWeapon.cs:43)
ShootGun.Update () (at Assets/Script/Player/Weapon/ShootGun.cs:15)



2023-03-14-04-56-30:NullReferenceException: Object reference not set to an instance of an object
BaseWeapon.Update () (at Assets/Script/Player/Weapon/BaseWeapon.cs:43)
Pistor.Update () (at Assets/Script/Player/Weapon/Pistor.cs:14)



2023-03-14-04-56-30:NullReferenceException: Object reference not set to an instance of an object
BaseWeapon.Update () (at Assets/Script/Player/Weapon/BaseWeapon.cs:43)
ShootGun.Update () (at Assets/Script/Player/Weapon/ShootGun.cs:15)



2023-03-14-04-56-30:NullReferenceException: Object reference not set to an instance of an object
BaseWeapon.Update () (at Assets/Script/Player/Weapon/BaseWeapon.cs:43)
Pistor.Update () (at Assets/Script/Player/Weapon/Pistor.cs:14)



2023-03-14-04-56-30:NullReferenceException: Object reference not set to an instance of an object
BaseWeapon.Update () (at Assets/Script/Player/Weapon/BaseWeapon.cs:43)
ShootGun.Update () (at Assets/Script/Player/Weapon/ShootGun.cs:15)



2023-03-14-04-56-30:NullReferenceException: Object reference not set to an instance of an object
BaseWeapon.Update () (at Assets/Script/Player/Weapon/BaseWeapon.cs:43)
Pistor.Update () (at Assets/Script/Player/Weapon/Pistor.cs:14)



2023-03-14-04-56-30:NullReferenceException: Object reference not set to an instance of an object
BaseWeapon.Update () (at Assets/Script/Player/Weapon/BaseWeapon.cs:43)
ShootGun.Update () (at Assets/Script/Player/Weapon/ShootGun.cs:15)



2023-03-14-04-56-30:NullReferenceException: Object reference not set to an instance of an object
BaseWeapon.Update () (at Assets/Script/Player/Weapon/BaseWeapon.cs:43)
Pistor.Update () (at Assets/Script/Player/Weapon/Pistor.cs:14)



2023-03-14-04-56-30:NullReferenceException: Object reference not set to an instance of an object
BaseWeapon.Update () (at Assets/Script/Player/Weapon/BaseWeapon.cs:43)
ShootGun.Update () (at Assets/Script/Player/Weapon/ShootGun.cs:15)



2023-03-14-04-56-30:NullReferenceException: Object reference not set to an instance of an object
BaseWeapon.Update () (at Assets/Script/Player/Weapon/BaseWeapon.cs:43)
Pistor.Update () (at Assets/Script/Player/Weapon/Pistor.cs:14)



2023-03-14-04-56-30:NullReferenceException: Object reference not set to an instance of an object
BaseWeapon.Update () (at Assets/Script/Player/Weapon/BaseWeapon.cs:43)
ShootGun.Update () (at Assets/Script/Player/Weapon/ShootGun.cs:15)



2023-03-14-04-56-30:NullReferenceException: Object reference not set to an instance of an object
BaseWeapon.Update () (at Assets/Script/Player/Weapon/BaseWeapon.cs:43)
Pistor.Update () (at Assets/Script/Player/Weapon/Pistor.cs:14)



2023-03-14-04-56-30:NullReferenceException: Object reference not set to an instance of an object
BaseWeapon.Update () (at Assets/Script/Player/Weapon/BaseWeapon.cs:43)
ShootGun.Update () (at Assets/Script/Player/Weapon/ShootGun.cs:15)



2023-03-14-04-56-30:NullReferenceException: Object reference not set to an instance of an object
BaseWeapon.Update () (at Assets/Script/Player/Weapon/BaseWeapon.cs:43)
Pistor.Update () (at Assets/Script/Player/Weapon/Pistor.cs:14)



2023-03-14-04-56-30:NullReferenceException: Object reference not set to an instance of an object
BaseWeapon.Update () (at Assets/Script/Player/Weapon/BaseWeapon.cs:43)
ShootGun.Update () (at Assets/Script/Player/Weapon/ShootGun.cs:15)



2023-03-14-04-56-30:NullReferenceException: Object reference not set to an instance of an object
BaseWeapon.Update () (at Assets/Script/Player/Weapon/BaseWeapon.cs:43)
Pistor.Update () (at Assets/Script/Player/Weapon/Pistor.cs:14)



2023-03-14-04-56-30:NullReferenceException: Object reference not set to an instance of an object
BaseWeapon.Update () (at Assets/Script/Player/Weapon/BaseWeapon.cs:43)
ShootGun.Update () (at Assets/Script/Player/Weapon/ShootGun.cs:15)



2023-03-14-04-56-30:NullReferenceException: Object reference not set to an instance of an object
BaseWeapon.Update () (at Assets/Script/Player/Weapon/BaseWeapon.cs:43)
Pistor.Update () (at Assets/Script/Player/Weapon/Pistor.cs:14)



2023-03-14-04-56-30:NullReferenceException: Object reference not set to an instance of an object
BaseWeapon.Update () (at Assets/Script/Player/Weapon/BaseWeapon.cs:43)
ShootGun.Update () (at Assets/Script/Player/Weapon/ShootGun.cs:15)



2023-03-14-04-56-30:NullReferenceException: Object reference not set to an instance of an object
BaseWeapon.Update () (at Assets/Script/Player/Weapon/BaseWeapon.cs:43)
Pistor.Update () (at Assets/Script/Player/Weapon/Pistor.cs:14)



2023-03-14-04-56-30:NullReferenceException: Object reference not set to an instance of an object
BaseWeapon.Update () (at Assets/Script/Player/Weapon/BaseWeapon.cs:43)
ShootGun.Update () (at Assets/Script/Player/Weapon/ShootGun.cs:15)



2023-03-14-04-56-30:NullReferenceException: Object reference not set to an instance of an object
BaseWeapon.Update () (at Assets/Script/Player/Weapon/BaseWeapon.cs:43)
Pistor.Update () (at Assets/Script/Player/Weapon/Pistor.cs:14)



2023-03-14-04-56-30:NullReferenceException: Object reference not set to an instance of an object
BaseWeapon.Update () (at Assets/Script/Player/Weapon/BaseWeapon.cs:43)
ShootGun.Update () (at Assets/Script/Player/Weapon/ShootGun.cs:15)



2023-03-14-04-56-30:NullReferenceException: Object reference not set to an instance of an object
BaseWeapon.Update () (at Assets/Script/Player/Weapon/BaseWeapon.cs:43)
Pistor.Update () (at Assets/Script/Player/Weapon/Pistor.cs:14)



2023-03-14-04-56-30:NullReferenceException: Object reference not set to an instance of an object
BaseWeapon.Update () (at Assets/Script/Player/Weapon/BaseWeapon.cs:43)
ShootGun.Update () (at Assets/Script/Player/Weapon/ShootGun.cs:15)



2023-03-14-04-56-30:NullReferenceException: Object reference not set to an instance of an object
BaseWeapon.Update () (at Assets/Script/Player/Weapon/BaseWeapon.cs:43)
Pistor.Update () (at Assets/Script/Player/Weapon/Pistor.cs:14)



2023-03-14-04-56-30:NullReferenceException: Object reference not set to an instance of an object
BaseWeapon.Update () (at Assets/Script/Player/Weapon/BaseWeapon.cs:43)
ShootGun.Update () (at Assets/Script/Player/Weapon/ShootGun.cs:15)



2023-03-14-04-56-30:NullReferenceException: Object reference not set to an instance of an object
BaseWeapon.Update () (at Assets/Script/Player/Weapon/BaseWeapon.cs:43)
Pistor.Update () (at Assets/Script/Player/Weapon/Pistor.cs:14)



2023-03-14-04-56-30:NullReferenceException: Object reference not set to an instance of an object
BaseWeapon.Update () (at Assets/Script/Player/Weapon/BaseWeapon.cs:43)
ShootGun.Update () (at Assets/Script/Player/Weapon/ShootGun.cs:15)



2023-03-14-04-56-30:NullReferenceException: Object reference not set to an instance of an object
BaseWeapon.Update () (at Assets/Script/Player/Weapon/BaseWeapon.cs:43)
Pistor.Update () (at Assets/Script/Player/Weapon/Pistor.cs:14)



2023-03-14-04-56-30:NullReferenceException: Object reference not set to an instance of an object
BaseWeapon.Update () (at Assets/Script/Player/Weapon/BaseWeapon.cs:43)
ShootGun.Update () (at Assets/Script/Player/Weapon/ShootGun.cs:15)



2023-03-14-04-56-30:NullReferenceException: Object reference not set to an instance of an object
BaseWeapon.Update () (at Assets/Script/Player/Weapon/BaseWeapon.cs:43)
Pistor.Update () (at Assets/Script/Player/Weapon/Pistor.cs:14)



2023-03-14-04-56-30:NullReferenceException: Object reference not set to an instance of an object
BaseWeapon.Update () (at Assets/Script/Player/Weapon/BaseWeapon.cs:43)
ShootGun.Update () (at Assets/Script/Player/Weapon/ShootGun.cs:15)



2023-03-14-04-56-30:NullReferenceException: Object reference not set to an instance of an object
BaseWeapon.Update () (at Assets/Script/Player/Weapon/BaseWeapon.cs:43)
Pistor.Update () (at Assets/Script/Player/Weapon/Pistor.cs:14)



2023-03-14-04-56-30:NullReferenceException: Object reference not set to an instance of an object
BaseWeapon.Update () (at Assets/Script/Player/Weapon/BaseWeapon.cs:43)
ShootGun.Update () (at Assets/Script/Player/Weapon/ShootGun.cs:15)



2023-03-14-04-56-30:NullReferenceException: Object reference not set to an instance of an object
BaseWeapon.Update () (at Assets/Script/Player/Weapon/BaseWeapon.cs:43)
Pistor.Update () (at Assets/Script/Player/Weapon/Pistor.cs:14)



2023-03-14-04-56-30:NullReferenceException: Object reference not set to an instance of an object
BaseWeapon.Update () (at Assets/Script/Player/Weapon/BaseWeapon.cs:43)
ShootGun.Update () (at Assets/Script/Player/Weapon/ShootGun.cs:15)



2023-03-14-04-56-30:NullReferenceException: Object reference not set to an instance of an object
BaseWeapon.Update () (at Assets/Script/Player/Weapon/BaseWeapon.cs:43)
Pistor.Update () (at Assets/Script/Player/Weapon/Pistor.cs:14)



2023-03-14-04-56-30:NullReferenceException: Object reference not set to an instance of an object
BaseWeapon.Update () (at Assets/Script/Player/Weapon/BaseWeapon.cs:43)
ShootGun.Update () (at Assets/Script/Player/Weapon/ShootGun.cs:15)



2023-03-14-04-56-30:NullReferenceException: Object reference not set to an instance of an object
BaseWeapon.Update () (at Assets/Script/Player/Weapon/BaseWeapon.cs:43)
Pistor.Update () (at Assets/Script/Player/Weapon/Pistor.cs:14)



2023-03-14-04-56-30:NullReferenceException: Object reference not set to an instance of an object
BaseWeapon.Update () (at Assets/Script/Player/Weapon/BaseWeapon.cs:43)
ShootGun.Update () (at Assets/Script/Player/Weapon/ShootGun.cs:15)



2023-03-14-04-56-30:NullReferenceException: Object reference not set to an instance of an object
BaseWeapon.Update () (at Assets/Script/Player/Weapon/BaseWeapon.cs:43)
Pistor.Update () (at Assets/Script/Player/Weapon/Pistor.cs:14)



2023-03-14-04-56-30:NullReferenceException: Object reference not set to an instance of an object
BaseWeapon.Update () (at Assets/Script/Player/Weapon/BaseWeapon.cs:43)
ShootGun.Update () (at Assets/Script/Player/Weapon/ShootGun.cs:15)



2023-03-14-04-56-30:NullReferenceException: Object reference not set to an instance of an object
BaseWeapon.Update () (at Assets/Script/Player/Weapon/BaseWeapon.cs:43)
Pistor.Update () (at Assets/Script/Player/Weapon/Pistor.cs:14)



2023-03-14-04-56-30:NullReferenceException: Object reference not set to an instance of an object
BaseWeapon.Update () (at Assets/Script/Player/Weapon/BaseWeapon.cs:43)
ShootGun.Update () (at Assets/Script/Player/Weapon/ShootGun.cs:15)



2023-03-14-04-56-30:NullReferenceException: Object reference not set to an instance of an object
BaseWeapon.Update () (at Assets/Script/Player/Weapon/BaseWeapon.cs:43)
Pistor.Update () (at Assets/Script/Player/Weapon/Pistor.cs:14)



2023-03-14-04-56-30:NullReferenceException: Object reference not set to an instance of an object
BaseWeapon.Update () (at Assets/Script/Player/Weapon/BaseWeapon.cs:43)
ShootGun.Update () (at Assets/Script/Player/Weapon/ShootGun.cs:15)



2023-03-14-04-56-30:NullReferenceException: Object reference not set to an instance of an object
BaseWeapon.Update () (at Assets/Script/Player/Weapon/BaseWeapon.cs:43)
Pistor.Update () (at Assets/Script/Player/Weapon/Pistor.cs:14)



2023-03-14-04-56-30:NullReferenceException: Object reference not set to an instance of an object
BaseWeapon.Update () (at Assets/Script/Player/Weapon/BaseWeapon.cs:43)
ShootGun.Update () (at Assets/Script/Player/Weapon/ShootGun.cs:15)



2023-03-14-04-56-30:NullReferenceException: Object reference not set to an instance of an object
BaseWeapon.Update () (at Assets/Script/Player/Weapon/BaseWeapon.cs:43)
Pistor.Update () (at Assets/Script/Player/Weapon/Pistor.cs:14)



2023-03-14-04-56-30:NullReferenceException: Object reference not set to an instance of an object
BaseWeapon.Update () (at Assets/Script/Player/Weapon/BaseWeapon.cs:43)
ShootGun.Update () (at Assets/Script/Player/Weapon/ShootGun.cs:15)



2023-03-14-04-56-30:NullReferenceException: Object reference not set to an instance of an object
BaseWeapon.Update () (at Assets/Script/Player/Weapon/BaseWeapon.cs:43)
Pistor.Update () (at Assets/Script/Player/Weapon/Pistor.cs:14)



2023-03-14-04-56-30:NullReferenceException: Object reference not set to an instance of an object
BaseWeapon.Update () (at Assets/Script/Player/Weapon/BaseWeapon.cs:43)
ShootGun.Update () (at Assets/Script/Player/Weapon/ShootGun.cs:15)



2023-03-14-04-56-30:NullReferenceException: Object reference not set to an instance of an object
BaseWeapon.Update () (at Assets/Script/Player/Weapon/BaseWeapon.cs:43)
Pistor.Update () (at Assets/Script/Player/Weapon/Pistor.cs:14)



2023-03-14-04-56-30:NullReferenceException: Object reference not set to an instance of an object
BaseWeapon.Update () (at Assets/Script/Player/Weapon/BaseWeapon.cs:43)
ShootGun.Update () (at Assets/Script/Player/Weapon/ShootGun.cs:15)



2023-03-14-04-56-30:NullReferenceException: Object reference not set to an instance of an object
BaseWeapon.Update () (at Assets/Script/Player/Weapon/BaseWeapon.cs:43)
Pistor.Update () (at Assets/Script/Player/Weapon/Pistor.cs:14)



2023-03-14-04-56-30:NullReferenceException: Object reference not set to an instance of an object
BaseWeapon.Update () (at Assets/Script/Player/Weapon/BaseWeapon.cs:43)
ShootGun.Update () (at Assets/Script/Player/Weapon/ShootGun.cs:15)



2023-03-14-04-56-30:NullReferenceException: Object reference not set to an instance of an object
BaseWeapon.Update () (at Assets/Script/Player/Weapon/BaseWeapon.cs:43)
Pistor.Update () (at Assets/Script/Player/Weapon/Pistor.cs:14)



2023-03-14-04-56-30:NullReferenceException: Object reference not set to an instance of an object
BaseWeapon.Update () (at Assets/Script/Player/Weapon/BaseWeapon.cs:43)
ShootGun.Update () (at Assets/Script/Player/Weapon/ShootGun.cs:15)



2023-03-14-04-56-30:NullReferenceException: Object reference not set to an instance of an object
BaseWeapon.Update () (at Assets/Script/Player/Weapon/BaseWeapon.cs:43)
Pistor.Update () (at Assets/Script/Player/Weapon/Pistor.cs:14)



2023-03-14-04-56-30:NullReferenceException: Object reference not set to an instance of an object
BaseWeapon.Update () (at Assets/Script/Player/Weapon/BaseWeapon.cs:43)
ShootGun.Update () (at Assets/Script/Player/Weapon/ShootGun.cs:15)



2023-03-14-04-56-30:NullReferenceException: Object reference not set to an instance of an object
BaseWeapon.Update () (at Assets/Script/Player/Weapon/BaseWeapon.cs:43)
Pistor.Update () (at Assets/Script/Player/Weapon/Pistor.cs:14)



2023-03-14-04-56-30:NullReferenceException: Object reference not set to an instance of an object
BaseWeapon.Update () (at Assets/Script/Player/Weapon/BaseWeapon.cs:43)
ShootGun.Update () (at Assets/Script/Player/Weapon/ShootGun.cs:15)



2023-03-14-04-56-30:NullReferenceException: Object reference not set to an instance of an object
BaseWeapon.Update () (at Assets/Script/Player/Weapon/BaseWeapon.cs:43)
Pistor.Update () (at Assets/Script/Player/Weapon/Pistor.cs:14)



2023-03-14-04-56-30:NullReferenceException: Object reference not set to an instance of an object
BaseWeapon.Update () (at Assets/Script/Player/Weapon/BaseWeapon.cs:43)
ShootGun.Update () (at Assets/Script/Player/Weapon/ShootGun.cs:15)



2023-03-14-04-56-30:NullReferenceException: Object reference not set to an instance of an object
BaseWeapon.Update () (at Assets/Script/Player/Weapon/BaseWeapon.cs:43)
Pistor.Update () (at Assets/Script/Player/Weapon/Pistor.cs:14)



2023-03-14-04-56-30:NullReferenceException: Object reference not set to an instance of an object
BaseWeapon.Update () (at Assets/Script/Player/Weapon/BaseWeapon.cs:43)
ShootGun.Update () (at Assets/Script/Player/Weapon/ShootGun.cs:15)



2023-03-14-04-56-30:NullReferenceException: Object reference not set to an instance of an object
BaseWeapon.Update () (at Assets/Script/Player/Weapon/BaseWeapon.cs:43)
Pistor.Update () (at Assets/Script/Player/Weapon/Pistor.cs:14)



2023-03-14-04-56-30:NullReferenceException: Object reference not set to an instance of an object
BaseWeapon.Update () (at Assets/Script/Player/Weapon/BaseWeapon.cs:43)
ShootGun.Update () (at Assets/Script/Player/Weapon/ShootGun.cs:15)



2023-03-14-04-56-30:NullReferenceException: Object reference not set to an instance of an object
BaseWeapon.Update () (at Assets/Script/Player/Weapon/BaseWeapon.cs:43)
Pistor.Update () (at Assets/Script/Player/Weapon/Pistor.cs:14)



2023-03-14-04-56-30:NullReferenceException: Object reference not set to an instance of an object
BaseWeapon.Update () (at Assets/Script/Player/Weapon/BaseWeapon.cs:43)
ShootGun.Update () (at Assets/Script/Player/Weapon/ShootGun.cs:15)



2023-03-14-04-56-30:NullReferenceException: Object reference not set to an instance of an object
BaseWeapon.Update () (at Assets/Script/Player/Weapon/BaseWeapon.cs:43)
Pistor.Update () (at Assets/Script/Player/Weapon/Pistor.cs:14)



2023-03-14-04-56-30:NullReferenceException: Object reference not set to an instance of an object
BaseWeapon.Update () (at Assets/Script/Player/Weapon/BaseWeapon.cs:43)
ShootGun.Update () (at Assets/Script/Player/Weapon/ShootGun.cs:15)



2023-03-14-04-56-30:NullReferenceException: Object reference not set to an instance of an object
BaseWeapon.Update () (at Assets/Script/Player/Weapon/BaseWeapon.cs:43)
Pistor.Update () (at Assets/Script/Player/Weapon/Pistor.cs:14)



2023-03-14-04-56-30:NullReferenceException: Object reference not set to an instance of an object
BaseWeapon.Update () (at Assets/Script/Player/Weapon/BaseWeapon.cs:43)
ShootGun.Update () (at Assets/Script/Player/Weapon/ShootGun.cs:15)



2023-03-14-04-56-30:NullReferenceException: Object reference not set to an instance of an object
BaseWeapon.Update () (at Assets/Script/Player/Weapon/BaseWeapon.cs:43)
Pistor.Update () (at Assets/Script/Player/Weapon/Pistor.cs:14)



2023-03-14-04-56-30:NullReferenceException: Object reference not set to an instance of an object
BaseWeapon.Update () (at Assets/Script/Player/Weapon/BaseWeapon.cs:43)
ShootGun.Update () (at Assets/Script/Player/Weapon/ShootGun.cs:15)



2023-03-14-04-56-30:NullReferenceException: Object reference not set to an instance of an object
BaseWeapon.Update () (at Assets/Script/Player/Weapon/BaseWeapon.cs:43)
Pistor.Update () (at Assets/Script/Player/Weapon/Pistor.cs:14)



2023-03-14-04-56-30:NullReferenceException: Object reference not set to an instance of an object
BaseWeapon.Update () (at Assets/Script/Player/Weapon/BaseWeapon.cs:43)
ShootGun.Update () (at Assets/Script/Player/Weapon/ShootGun.cs:15)



2023-03-14-04-56-30:NullReferenceException: Object reference not set to an instance of an object
BaseWeapon.Update () (at Assets/Script/Player/Weapon/BaseWeapon.cs:43)
Pistor.Update () (at Assets/Script/Player/Weapon/Pistor.cs:14)



2023-03-14-04-56-30:NullReferenceException: Object reference not set to an instance of an object
BaseWeapon.Update () (at Assets/Script/Player/Weapon/BaseWeapon.cs:43)
ShootGun.Update () (at Assets/Script/Player/Weapon/ShootGun.cs:15)



2023-03-14-04-56-30:NullReferenceException: Object reference not set to an instance of an object
BaseWeapon.Update () (at Assets/Script/Player/Weapon/BaseWeapon.cs:43)
Pistor.Update () (at Assets/Script/Player/Weapon/Pistor.cs:14)



2023-03-14-04-56-30:NullReferenceException: Object reference not set to an instance of an object
BaseWeapon.Update () (at Assets/Script/Player/Weapon/BaseWeapon.cs:43)
ShootGun.Update () (at Assets/Script/Player/Weapon/ShootGun.cs:15)



2023-03-14-04-56-30:NullReferenceException: Object reference not set to an instance of an object
BaseWeapon.Update () (at Assets/Script/Player/Weapon/BaseWeapon.cs:43)
Pistor.Update () (at Assets/Script/Player/Weapon/Pistor.cs:14)



2023-03-14-04-56-30:NullReferenceException: Object reference not set to an instance of an object
BaseWeapon.Update () (at Assets/Script/Player/Weapon/BaseWeapon.cs:43)
ShootGun.Update () (at Assets/Script/Player/Weapon/ShootGun.cs:15)



2023-03-14-04-56-30:NullReferenceException: Object reference not set to an instance of an object
BaseWeapon.Update () (at Assets/Script/Player/Weapon/BaseWeapon.cs:43)
Pistor.Update () (at Assets/Script/Player/Weapon/Pistor.cs:14)



2023-03-14-04-56-30:NullReferenceException: Object reference not set to an instance of an object
BaseWeapon.Update () (at Assets/Script/Player/Weapon/BaseWeapon.cs:43)
ShootGun.Update () (at Assets/Script/Player/Weapon/ShootGun.cs:15)



2023-03-14-04-56-30:NullReferenceException: Object reference not set to an instance of an object
BaseWeapon.Update () (at Assets/Script/Player/Weapon/BaseWeapon.cs:43)
Pistor.Update () (at Assets/Script/Player/Weapon/Pistor.cs:14)



2023-03-14-04-56-30:NullReferenceException: Object reference not set to an instance of an object
BaseWeapon.Update () (at Assets/Script/Player/Weapon/BaseWeapon.cs:43)
ShootGun.Update () (at Assets/Script/Player/Weapon/ShootGun.cs:15)



2023-03-14-04-56-30:NullReferenceException: Object reference not set to an instance of an object
BaseWeapon.Update () (at Assets/Script/Player/Weapon/BaseWeapon.cs:43)
Pistor.Update () (at Assets/Script/Player/Weapon/Pistor.cs:14)



2023-03-14-04-56-30:NullReferenceException: Object reference not set to an instance of an object
BaseWeapon.Update () (at Assets/Script/Player/Weapon/BaseWeapon.cs:43)
ShootGun.Update () (at Assets/Script/Player/Weapon/ShootGun.cs:15)



2023-03-14-04-56-30:NullReferenceException: Object reference not set to an instance of an object
BaseWeapon.Update () (at Assets/Script/Player/Weapon/BaseWeapon.cs:43)
Pistor.Update () (at Assets/Script/Player/Weapon/Pistor.cs:14)



2023-03-14-04-56-30:NullReferenceException: Object reference not set to an instance of an object
BaseWeapon.Update () (at Assets/Script/Player/Weapon/BaseWeapon.cs:43)
ShootGun.Update () (at Assets/Script/Player/Weapon/ShootGun.cs:15)



2023-03-14-04-56-30:NullReferenceException: Object reference not set to an instance of an object
BaseWeapon.Update () (at Assets/Script/Player/Weapon/BaseWeapon.cs:43)
Pistor.Update () (at Assets/Script/Player/Weapon/Pistor.cs:14)



2023-03-14-04-56-30:NullReferenceException: Object reference not set to an instance of an object
BaseWeapon.Update () (at Assets/Script/Player/Weapon/BaseWeapon.cs:43)
ShootGun.Update () (at Assets/Script/Player/Weapon/ShootGun.cs:15)



2023-03-14-04-56-30:NullReferenceException: Object reference not set to an instance of an object
BaseWeapon.Update () (at Assets/Script/Player/Weapon/BaseWeapon.cs:43)
Pistor.Update () (at Assets/Script/Player/Weapon/Pistor.cs:14)



2023-03-14-04-56-30:NullReferenceException: Object reference not set to an instance of an object
BaseWeapon.Update () (at Assets/Script/Player/Weapon/BaseWeapon.cs:43)
ShootGun.Update () (at Assets/Script/Player/Weapon/ShootGun.cs:15)



2023-03-14-04-56-30:NullReferenceException: Object reference not set to an instance of an object
BaseWeapon.Update () (at Assets/Script/Player/Weapon/BaseWeapon.cs:43)
Pistor.Update () (at Assets/Script/Player/Weapon/Pistor.cs:14)



2023-03-14-04-56-30:NullReferenceException: Object reference not set to an instance of an object
BaseWeapon.Update () (at Assets/Script/Player/Weapon/BaseWeapon.cs:43)
ShootGun.Update () (at Assets/Script/Player/Weapon/ShootGun.cs:15)



2023-03-14-04-56-30:NullReferenceException: Object reference not set to an instance of an object
BaseWeapon.Update () (at Assets/Script/Player/Weapon/BaseWeapon.cs:43)
Pistor.Update () (at Assets/Script/Player/Weapon/Pistor.cs:14)



2023-03-14-04-56-31:NullReferenceException: Object reference not set to an instance of an object
BaseWeapon.Update () (at Assets/Script/Player/Weapon/BaseWeapon.cs:43)
ShootGun.Update () (at Assets/Script/Player/Weapon/ShootGun.cs:15)



2023-03-14-04-56-31:NullReferenceException: Object reference not set to an instance of an object
BaseWeapon.Update () (at Assets/Script/Player/Weapon/BaseWeapon.cs:43)
Pistor.Update () (at Assets/Script/Player/Weapon/Pistor.cs:14)



2023-03-14-04-56-31:NullReferenceException: Object reference not set to an instance of an object
BaseWeapon.Update () (at Assets/Script/Player/Weapon/BaseWeapon.cs:43)
ShootGun.Update () (at Assets/Script/Player/Weapon/ShootGun.cs:15)



2023-03-14-04-56-31:NullReferenceException: Object reference not set to an instance of an object
BaseWeapon.Update () (at Assets/Script/Player/Weapon/BaseWeapon.cs:43)
Pistor.Update () (at Assets/Script/Player/Weapon/Pistor.cs:14)



2023-03-14-04-56-31:NullReferenceException: Object reference not set to an instance of an object
BaseWeapon.Update () (at Assets/Script/Player/Weapon/BaseWeapon.cs:43)
ShootGun.Update () (at Assets/Script/Player/Weapon/ShootGun.cs:15)



2023-03-14-04-56-31:NullReferenceException: Object reference not set to an instance of an object
BaseWeapon.Update () (at Assets/Script/Player/Weapon/BaseWeapon.cs:43)
Pistor.Update () (at Assets/Script/Player/Weapon/Pistor.cs:14)



2023-03-14-04-56-31:NullReferenceException: Object reference not set to an instance of an object
BaseWeapon.Update () (at Assets/Script/Player/Weapon/BaseWeapon.cs:43)
ShootGun.Update () (at Assets/Script/Player/Weapon/ShootGun.cs:15)



2023-03-14-04-56-31:NullReferenceException: Object reference not set to an instance of an object
BaseWeapon.Update () (at Assets/Script/Player/Weapon/BaseWeapon.cs:43)
Pistor.Update () (at Assets/Script/Player/Weapon/Pistor.cs:14)



2023-03-14-04-56-31:NullReferenceException: Object reference not set to an instance of an object
BaseWeapon.Update () (at Assets/Script/Player/Weapon/BaseWeapon.cs:43)
ShootGun.Update () (at Assets/Script/Player/Weapon/ShootGun.cs:15)



2023-03-14-04-56-31:NullReferenceException: Object reference not set to an instance of an object
BaseWeapon.Update () (at Assets/Script/Player/Weapon/BaseWeapon.cs:43)
Pistor.Update () (at Assets/Script/Player/Weapon/Pistor.cs:14)



2023-03-14-04-56-31:NullReferenceException: Object reference not set to an instance of an object
BaseWeapon.Update () (at Assets/Script/Player/Weapon/BaseWeapon.cs:43)
ShootGun.Update () (at Assets/Script/Player/Weapon/ShootGun.cs:15)



2023-03-14-04-56-31:NullReferenceException: Object reference not set to an instance of an object
BaseWeapon.Update () (at Assets/Script/Player/Weapon/BaseWeapon.cs:43)
Pistor.Update () (at Assets/Script/Player/Weapon/Pistor.cs:14)



2023-03-14-05-06-35:ArgumentNullException: Value cannot be null.
Parameter name: key
System.Collections.Generic.Dictionary`2[TKey,TValue].FindEntry (TKey key) (at <75633565436c42f0a6426b33f0132ade>:0)
System.Collections.Generic.Dictionary`2[TKey,TValue].ContainsKey (TKey key) (at <75633565436c42f0a6426b33f0132ade>:0)
ResourceLoading.Load[T] (System.String resPath) (at Assets/Script/Tools/ResourceLoading.cs:13)
ObjectPool.GetObject (System.String name) (at Assets/Script/Tools/ObjectPool.cs:34)
FireState_Gun.OnEnter () (at Assets/Script/Player/Weapon/WeaponState/FireState_Gun.cs:25)
BaseWeapon.ChangeCurrenState (State_Gun state) (at Assets/Script/Player/Weapon/BaseWeapon.cs:65)
Aim_Gun.OnUpdate () (at Assets/Script/Player/Weapon/WeaponState/Aim_Gun.cs:38)
BaseWeapon.Update () (at Assets/Script/Player/Weapon/BaseWeapon.cs:55)
Pistor.Update () (at Assets/Script/Player/Weapon/Pistor.cs:14)



2023-03-14-05-06-35:ArgumentNullException: Value cannot be null.
Parameter name: key
System.Collections.Generic.Dictionary`2[TKey,TValue].FindEntry (TKey key) (at <75633565436c42f0a6426b33f0132ade>:0)
System.Collections.Generic.Dictionary`2[TKey,TValue].ContainsKey (TKey key) (at <75633565436c42f0a6426b33f0132ade>:0)
ResourceLoading.Load[T] (System.String resPath) (at Assets/Script/Tools/ResourceLoading.cs:13)
ObjectPool.GetObject (System.String name) (at Assets/Script/Tools/ObjectPool.cs:34)
FireState_Gun.OnEnter () (at Assets/Script/Player/Weapon/WeaponState/FireState_Gun.cs:25)
BaseWeapon.ChangeCurrenState (State_Gun state) (at Assets/Script/Player/Weapon/BaseWeapon.cs:65)
Aim_Gun.OnUpdate () (at Assets/Script/Player/Weapon/WeaponState/Aim_Gun.cs:38)
BaseWeapon.Update () (at Assets/Script/Player/Weapon/BaseWeapon.cs:55)
Pistor.Update () (at Assets/Script/Player/Weapon/Pistor.cs:14)



2023-03-14-05-06-36:ArgumentNullException: Value cannot be null.
Parameter name: key
System.Collections.Generic.Dictionary`2[TKey,TValue].FindEntry (TKey key) (at <75633565436c42f0a6426b33f0132ade>:0)
System.Collections.Generic.Dictionary`2[TKey,TValue].ContainsKey (TKey key) (at <75633565436c42f0a6426b33f0132ade>:0)
ResourceLoading.Load[T] (System.String resPath) (at Assets/Script/Tools/ResourceLoading.cs:13)
ObjectPool.GetObject (System.String name) (at Assets/Script/Tools/ObjectPool.cs:34)
FireState_Gun.OnEnter () (at Assets/Script/Player/Weapon/WeaponState/FireState_Gun.cs:25)
BaseWeapon.ChangeCurrenState (State_Gun state) (at Assets/Script/Player/Weapon/BaseWeapon.cs:65)
Aim_Gun.OnUpdate () (at Assets/Script/Player/Weapon/WeaponState/Aim_Gun.cs:38)
BaseWeapon.Update () (at Assets/Script/Player/Weapon/BaseWeapon.cs:55)
Pistor.Update () (at Assets/Script/Player/Weapon/Pistor.cs:14)



2023-03-14-05-06-37:ArgumentNullException: Value cannot be null.
Parameter name: key
System.Collections.Generic.Dictionary`2[TKey,TValue].FindEntry (TKey key) (at <75633565436c42f0a6426b33f0132ade>:0)
System.Collections.Generic.Dictionary`2[TKey,TValue].ContainsKey (TKey key) (at <75633565436c42f0a6426b33f0132ade>:0)
ResourceLoading.Load[T] (System.String resPath) (at Assets/Script/Tools/ResourceLoading.cs:13)
ObjectPool.GetObject (System.String name) (at Assets/Script/Tools/ObjectPool.cs:34)
FireState_Gun.OnEnter () (at Assets/Script/Player/Weapon/WeaponState/FireState_Gun.cs:25)
BaseWeapon.ChangeCurrenState (State_Gun state) (at Assets/Script/Player/Weapon/BaseWeapon.cs:65)
Aim_Gun.OnUpdate () (at Assets/Script/Player/Weapon/WeaponState/Aim_Gun.cs:38)
BaseWeapon.Update () (at Assets/Script/Player/Weapon/BaseWeapon.cs:55)
Pistor.Update () (at Assets/Script/Player/Weapon/Pistor.cs:14)



2023-03-14-05-06-38:ArgumentNullException: Value cannot be null.
Parameter name: key
System.Collections.Generic.Dictionary`2[TKey,TValue].FindEntry (TKey key) (at <75633565436c42f0a6426b33f0132ade>:0)
System.Collections.Generic.Dictionary`2[TKey,TValue].ContainsKey (TKey key) (at <75633565436c42f0a6426b33f0132ade>:0)
ResourceLoading.Load[T] (System.String resPath) (at Assets/Script/Tools/ResourceLoading.cs:13)
ObjectPool.GetObject (System.String name) (at Assets/Script/Tools/ObjectPool.cs:34)
FireState_Gun.OnEnter () (at Assets/Script/Player/Weapon/WeaponState/FireState_Gun.cs:25)
BaseWeapon.ChangeCurrenState (State_Gun state) (at Assets/Script/Player/Weapon/BaseWeapon.cs:65)
Aim_Gun.OnUpdate () (at Assets/Script/Player/Weapon/WeaponState/Aim_Gun.cs:38)
BaseWeapon.Update () (at Assets/Script/Player/Weapon/BaseWeapon.cs:55)
Pistor.Update () (at Assets/Script/Player/Weapon/Pistor.cs:14)



2023-03-14-05-12-10:1
UnityEngine.Debug:Log (object)
GameMain:Update () (at Assets/Script/GameMain.cs:18)



2023-03-14-05-12-10:NullReferenceException: Object reference not set to an instance of an object
GameMain.Update () (at Assets/Script/GameMain.cs:19)



2023-03-14-05-13-45:1
UnityEngine.Debug:Log (object)
GameMain:Update () (at Assets/Script/GameMain.cs:18)



2023-03-14-05-13-45:2
UnityEngine.Debug:Log (object)
WeaponManage:addWeapon (string) (at Assets/Script/Player/Weapon/WeaponManage.cs:32)
GameMain:Update () (at Assets/Script/GameMain.cs:19)



2023-03-14-05-13-45:3
UnityEngine.Debug:Log (object)
BaseWeapon:InitCfg (WeaponCfg) (at Assets/Script/Player/Weapon/BaseWeapon.cs:86)
WeaponManage:addWeapon (string) (at Assets/Script/Player/Weapon/WeaponManage.cs:38)
GameMain:Update () (at Assets/Script/GameMain.cs:19)



2023-03-14-05-13-46:Animator.GotoState: State could not be found
UnityEngine.Animator:Play (string)
Aim_Gun:OnEnter () (at Assets/Script/Player/Weapon/WeaponState/Aim_Gun.cs:19)
BaseWeapon:ChangeCurrenState (State_Gun) (at Assets/Script/Player/Weapon/BaseWeapon.cs:65)
Idle_Gun:OnUpdate () (at Assets/Script/Player/Weapon/WeaponState/Idle_Gun.cs:25)
BaseWeapon:Update () (at Assets/Script/Player/Weapon/BaseWeapon.cs:55)
ShootGun:Update () (at Assets/Script/Player/Weapon/ShootGun.cs:15)



2023-03-14-05-13-46:Invalid Layer Index '-1'
UnityEngine.Animator:Play (string)
Aim_Gun:OnEnter () (at Assets/Script/Player/Weapon/WeaponState/Aim_Gun.cs:19)
BaseWeapon:ChangeCurrenState (State_Gun) (at Assets/Script/Player/Weapon/BaseWeapon.cs:65)
Idle_Gun:OnUpdate () (at Assets/Script/Player/Weapon/WeaponState/Idle_Gun.cs:25)
BaseWeapon:Update () (at Assets/Script/Player/Weapon/BaseWeapon.cs:55)
ShootGun:Update () (at Assets/Script/Player/Weapon/ShootGun.cs:15)



2023-03-14-05-13-46:Animator.GotoState: State could not be found
UnityEngine.Animator:Play (string)
FireState_Gun:OnEnter () (at Assets/Script/Player/Weapon/WeaponState/FireState_Gun.cs:22)
BaseWeapon:ChangeCurrenState (State_Gun) (at Assets/Script/Player/Weapon/BaseWeapon.cs:65)
Aim_Gun:OnUpdate () (at Assets/Script/Player/Weapon/WeaponState/Aim_Gun.cs:38)
BaseWeapon:Update () (at Assets/Script/Player/Weapon/BaseWeapon.cs:55)
ShootGun:Update () (at Assets/Script/Player/Weapon/ShootGun.cs:15)



2023-03-14-05-13-46:Invalid Layer Index '-1'
UnityEngine.Animator:Play (string)
FireState_Gun:OnEnter () (at Assets/Script/Player/Weapon/WeaponState/FireState_Gun.cs:22)
BaseWeapon:ChangeCurrenState (State_Gun) (at Assets/Script/Player/Weapon/BaseWeapon.cs:65)
Aim_Gun:OnUpdate () (at Assets/Script/Player/Weapon/WeaponState/Aim_Gun.cs:38)
BaseWeapon:Update () (at Assets/Script/Player/Weapon/BaseWeapon.cs:55)
ShootGun:Update () (at Assets/Script/Player/Weapon/ShootGun.cs:15)



2023-03-14-05-13-46:Animator.GotoState: State could not be found
UnityEngine.Animator:Play (string)
Aim_Gun:OnEnter () (at Assets/Script/Player/Weapon/WeaponState/Aim_Gun.cs:19)
BaseWeapon:ChangeCurrenState (State_Gun) (at Assets/Script/Player/Weapon/BaseWeapon.cs:65)
FireState_Gun:OnUpdate () (at Assets/Script/Player/Weapon/WeaponState/FireState_Gun.cs:43)
BaseWeapon:Update () (at Assets/Script/Player/Weapon/BaseWeapon.cs:55)
ShootGun:Update () (at Assets/Script/Player/Weapon/ShootGun.cs:15)



2023-03-14-05-13-46:Invalid Layer Index '-1'
UnityEngine.Animator:Play (string)
Aim_Gun:OnEnter () (at Assets/Script/Player/Weapon/WeaponState/Aim_Gun.cs:19)
BaseWeapon:ChangeCurrenState (State_Gun) (at Assets/Script/Player/Weapon/BaseWeapon.cs:65)
FireState_Gun:OnUpdate () (at Assets/Script/Player/Weapon/WeaponState/FireState_Gun.cs:43)
BaseWeapon:Update () (at Assets/Script/Player/Weapon/BaseWeapon.cs:55)
ShootGun:Update () (at Assets/Script/Player/Weapon/ShootGun.cs:15)



2023-03-14-05-13-47:Animator.GotoState: State could not be found
UnityEngine.Animator:Play (string)
FireState_Gun:OnEnter () (at Assets/Script/Player/Weapon/WeaponState/FireState_Gun.cs:22)
BaseWeapon:ChangeCurrenState (State_Gun) (at Assets/Script/Player/Weapon/BaseWeapon.cs:65)
Aim_Gun:OnUpdate () (at Assets/Script/Player/Weapon/WeaponState/Aim_Gun.cs:38)
BaseWeapon:Update () (at Assets/Script/Player/Weapon/BaseWeapon.cs:55)
ShootGun:Update () (at Assets/Script/Player/Weapon/ShootGun.cs:15)



2023-03-14-05-13-47:Invalid Layer Index '-1'
UnityEngine.Animator:Play (string)
FireState_Gun:OnEnter () (at Assets/Script/Player/Weapon/WeaponState/FireState_Gun.cs:22)
BaseWeapon:ChangeCurrenState (State_Gun) (at Assets/Script/Player/Weapon/BaseWeapon.cs:65)
Aim_Gun:OnUpdate () (at Assets/Script/Player/Weapon/WeaponState/Aim_Gun.cs:38)
BaseWeapon:Update () (at Assets/Script/Player/Weapon/BaseWeapon.cs:55)
ShootGun:Update () (at Assets/Script/Player/Weapon/ShootGun.cs:15)



2023-03-14-05-13-47:Animator.GotoState: State could not be found
UnityEngine.Animator:Play (string)
Aim_Gun:OnEnter () (at Assets/Script/Player/Weapon/WeaponState/Aim_Gun.cs:19)
BaseWeapon:ChangeCurrenState (State_Gun) (at Assets/Script/Player/Weapon/BaseWeapon.cs:65)
FireState_Gun:OnUpdate () (at Assets/Script/Player/Weapon/WeaponState/FireState_Gun.cs:43)
BaseWeapon:Update () (at Assets/Script/Player/Weapon/BaseWeapon.cs:55)
ShootGun:Update () (at Assets/Script/Player/Weapon/ShootGun.cs:15)



2023-03-14-05-13-47:Invalid Layer Index '-1'
UnityEngine.Animator:Play (string)
Aim_Gun:OnEnter () (at Assets/Script/Player/Weapon/WeaponState/Aim_Gun.cs:19)
BaseWeapon:ChangeCurrenState (State_Gun) (at Assets/Script/Player/Weapon/BaseWeapon.cs:65)
FireState_Gun:OnUpdate () (at Assets/Script/Player/Weapon/WeaponState/FireState_Gun.cs:43)
BaseWeapon:Update () (at Assets/Script/Player/Weapon/BaseWeapon.cs:55)
ShootGun:Update () (at Assets/Script/Player/Weapon/ShootGun.cs:15)



2023-03-14-05-13-48:Animator.GotoState: State could not be found
UnityEngine.Animator:Play (string)
FireState_Gun:OnEnter () (at Assets/Script/Player/Weapon/WeaponState/FireState_Gun.cs:22)
BaseWeapon:ChangeCurrenState (State_Gun) (at Assets/Script/Player/Weapon/BaseWeapon.cs:65)
Aim_Gun:OnUpdate () (at Assets/Script/Player/Weapon/WeaponState/Aim_Gun.cs:38)
BaseWeapon:Update () (at Assets/Script/Player/Weapon/BaseWeapon.cs:55)
ShootGun:Update () (at Assets/Script/Player/Weapon/ShootGun.cs:15)



2023-03-14-05-13-48:Invalid Layer Index '-1'
UnityEngine.Animator:Play (string)
FireState_Gun:OnEnter () (at Assets/Script/Player/Weapon/WeaponState/FireState_Gun.cs:22)
BaseWeapon:ChangeCurrenState (State_Gun) (at Assets/Script/Player/Weapon/BaseWeapon.cs:65)
Aim_Gun:OnUpdate () (at Assets/Script/Player/Weapon/WeaponState/Aim_Gun.cs:38)
BaseWeapon:Update () (at Assets/Script/Player/Weapon/BaseWeapon.cs:55)
ShootGun:Update () (at Assets/Script/Player/Weapon/ShootGun.cs:15)



2023-03-14-05-13-48:Animator.GotoState: State could not be found
UnityEngine.Animator:Play (string)
Aim_Gun:OnEnter () (at Assets/Script/Player/Weapon/WeaponState/Aim_Gun.cs:19)
BaseWeapon:ChangeCurrenState (State_Gun) (at Assets/Script/Player/Weapon/BaseWeapon.cs:65)
FireState_Gun:OnUpdate () (at Assets/Script/Player/Weapon/WeaponState/FireState_Gun.cs:43)
BaseWeapon:Update () (at Assets/Script/Player/Weapon/BaseWeapon.cs:55)
ShootGun:Update () (at Assets/Script/Player/Weapon/ShootGun.cs:15)



2023-03-14-05-13-48:Invalid Layer Index '-1'
UnityEngine.Animator:Play (string)
Aim_Gun:OnEnter () (at Assets/Script/Player/Weapon/WeaponState/Aim_Gun.cs:19)
BaseWeapon:ChangeCurrenState (State_Gun) (at Assets/Script/Player/Weapon/BaseWeapon.cs:65)
FireState_Gun:OnUpdate () (at Assets/Script/Player/Weapon/WeaponState/FireState_Gun.cs:43)
BaseWeapon:Update () (at Assets/Script/Player/Weapon/BaseWeapon.cs:55)
ShootGun:Update () (at Assets/Script/Player/Weapon/ShootGun.cs:15)



2023-03-14-05-13-49:Animator.GotoState: State could not be found
UnityEngine.Animator:Play (string)
FireState_Gun:OnEnter () (at Assets/Script/Player/Weapon/WeaponState/FireState_Gun.cs:22)
BaseWeapon:ChangeCurrenState (State_Gun) (at Assets/Script/Player/Weapon/BaseWeapon.cs:65)
Aim_Gun:OnUpdate () (at Assets/Script/Player/Weapon/WeaponState/Aim_Gun.cs:38)
BaseWeapon:Update () (at Assets/Script/Player/Weapon/BaseWeapon.cs:55)
ShootGun:Update () (at Assets/Script/Player/Weapon/ShootGun.cs:15)



2023-03-14-05-13-49:Invalid Layer Index '-1'
UnityEngine.Animator:Play (string)
FireState_Gun:OnEnter () (at Assets/Script/Player/Weapon/WeaponState/FireState_Gun.cs:22)
BaseWeapon:ChangeCurrenState (State_Gun) (at Assets/Script/Player/Weapon/BaseWeapon.cs:65)
Aim_Gun:OnUpdate () (at Assets/Script/Player/Weapon/WeaponState/Aim_Gun.cs:38)
BaseWeapon:Update () (at Assets/Script/Player/Weapon/BaseWeapon.cs:55)
ShootGun:Update () (at Assets/Script/Player/Weapon/ShootGun.cs:15)



2023-03-14-05-13-49:Animator.GotoState: State could not be found
UnityEngine.Animator:Play (string)
Aim_Gun:OnEnter () (at Assets/Script/Player/Weapon/WeaponState/Aim_Gun.cs:19)
BaseWeapon:ChangeCurrenState (State_Gun) (at Assets/Script/Player/Weapon/BaseWeapon.cs:65)
FireState_Gun:OnUpdate () (at Assets/Script/Player/Weapon/WeaponState/FireState_Gun.cs:43)
BaseWeapon:Update () (at Assets/Script/Player/Weapon/BaseWeapon.cs:55)
ShootGun:Update () (at Assets/Script/Player/Weapon/ShootGun.cs:15)



2023-03-14-05-13-49:Invalid Layer Index '-1'
UnityEngine.Animator:Play (string)
Aim_Gun:OnEnter () (at Assets/Script/Player/Weapon/WeaponState/Aim_Gun.cs:19)
BaseWeapon:ChangeCurrenState (State_Gun) (at Assets/Script/Player/Weapon/BaseWeapon.cs:65)
FireState_Gun:OnUpdate () (at Assets/Script/Player/Weapon/WeaponState/FireState_Gun.cs:43)
BaseWeapon:Update () (at Assets/Script/Player/Weapon/BaseWeapon.cs:55)
ShootGun:Update () (at Assets/Script/Player/Weapon/ShootGun.cs:15)



2023-03-14-05-13-50:Animator.GotoState: State could not be found
UnityEngine.Animator:Play (string)
FireState_Gun:OnEnter () (at Assets/Script/Player/Weapon/WeaponState/FireState_Gun.cs:22)
BaseWeapon:ChangeCurrenState (State_Gun) (at Assets/Script/Player/Weapon/BaseWeapon.cs:65)
Aim_Gun:OnUpdate () (at Assets/Script/Player/Weapon/WeaponState/Aim_Gun.cs:38)
BaseWeapon:Update () (at Assets/Script/Player/Weapon/BaseWeapon.cs:55)
ShootGun:Update () (at Assets/Script/Player/Weapon/ShootGun.cs:15)



2023-03-14-05-13-50:Invalid Layer Index '-1'
UnityEngine.Animator:Play (string)
FireState_Gun:OnEnter () (at Assets/Script/Player/Weapon/WeaponState/FireState_Gun.cs:22)
BaseWeapon:ChangeCurrenState (State_Gun) (at Assets/Script/Player/Weapon/BaseWeapon.cs:65)
Aim_Gun:OnUpdate () (at Assets/Script/Player/Weapon/WeaponState/Aim_Gun.cs:38)
BaseWeapon:Update () (at Assets/Script/Player/Weapon/BaseWeapon.cs:55)
ShootGun:Update () (at Assets/Script/Player/Weapon/ShootGun.cs:15)



2023-03-14-05-13-50:Animator.GotoState: State could not be found
UnityEngine.Animator:Play (string)
Aim_Gun:OnEnter () (at Assets/Script/Player/Weapon/WeaponState/Aim_Gun.cs:19)
BaseWeapon:ChangeCurrenState (State_Gun) (at Assets/Script/Player/Weapon/BaseWeapon.cs:65)
FireState_Gun:OnUpdate () (at Assets/Script/Player/Weapon/WeaponState/FireState_Gun.cs:43)
BaseWeapon:Update () (at Assets/Script/Player/Weapon/BaseWeapon.cs:55)
ShootGun:Update () (at Assets/Script/Player/Weapon/ShootGun.cs:15)



2023-03-14-05-13-50:Invalid Layer Index '-1'
UnityEngine.Animator:Play (string)
Aim_Gun:OnEnter () (at Assets/Script/Player/Weapon/WeaponState/Aim_Gun.cs:19)
BaseWeapon:ChangeCurrenState (State_Gun) (at Assets/Script/Player/Weapon/BaseWeapon.cs:65)
FireState_Gun:OnUpdate () (at Assets/Script/Player/Weapon/WeaponState/FireState_Gun.cs:43)
BaseWeapon:Update () (at Assets/Script/Player/Weapon/BaseWeapon.cs:55)
ShootGun:Update () (at Assets/Script/Player/Weapon/ShootGun.cs:15)



2023-03-14-05-13-51:Animator.GotoState: State could not be found
UnityEngine.Animator:Play (string)
FireState_Gun:OnEnter () (at Assets/Script/Player/Weapon/WeaponState/FireState_Gun.cs:22)
BaseWeapon:ChangeCurrenState (State_Gun) (at Assets/Script/Player/Weapon/BaseWeapon.cs:65)
Aim_Gun:OnUpdate () (at Assets/Script/Player/Weapon/WeaponState/Aim_Gun.cs:38)
BaseWeapon:Update () (at Assets/Script/Player/Weapon/BaseWeapon.cs:55)
ShootGun:Update () (at Assets/Script/Player/Weapon/ShootGun.cs:15)



2023-03-14-05-13-51:Invalid Layer Index '-1'
UnityEngine.Animator:Play (string)
FireState_Gun:OnEnter () (at Assets/Script/Player/Weapon/WeaponState/FireState_Gun.cs:22)
BaseWeapon:ChangeCurrenState (State_Gun) (at Assets/Script/Player/Weapon/BaseWeapon.cs:65)
Aim_Gun:OnUpdate () (at Assets/Script/Player/Weapon/WeaponState/Aim_Gun.cs:38)
BaseWeapon:Update () (at Assets/Script/Player/Weapon/BaseWeapon.cs:55)
ShootGun:Update () (at Assets/Script/Player/Weapon/ShootGun.cs:15)



2023-03-14-05-13-51:Animator.GotoState: State could not be found
UnityEngine.Animator:Play (string)
Aim_Gun:OnEnter () (at Assets/Script/Player/Weapon/WeaponState/Aim_Gun.cs:19)
BaseWeapon:ChangeCurrenState (State_Gun) (at Assets/Script/Player/Weapon/BaseWeapon.cs:65)
FireState_Gun:OnUpdate () (at Assets/Script/Player/Weapon/WeaponState/FireState_Gun.cs:43)
BaseWeapon:Update () (at Assets/Script/Player/Weapon/BaseWeapon.cs:55)
ShootGun:Update () (at Assets/Script/Player/Weapon/ShootGun.cs:15)



2023-03-14-05-13-51:Invalid Layer Index '-1'
UnityEngine.Animator:Play (string)
Aim_Gun:OnEnter () (at Assets/Script/Player/Weapon/WeaponState/Aim_Gun.cs:19)
BaseWeapon:ChangeCurrenState (State_Gun) (at Assets/Script/Player/Weapon/BaseWeapon.cs:65)
FireState_Gun:OnUpdate () (at Assets/Script/Player/Weapon/WeaponState/FireState_Gun.cs:43)
BaseWeapon:Update () (at Assets/Script/Player/Weapon/BaseWeapon.cs:55)
ShootGun:Update () (at Assets/Script/Player/Weapon/ShootGun.cs:15)



2023-03-14-05-13-52:Animator.GotoState: State could not be found
UnityEngine.Animator:Play (string)
FireState_Gun:OnEnter () (at Assets/Script/Player/Weapon/WeaponState/FireState_Gun.cs:22)
BaseWeapon:ChangeCurrenState (State_Gun) (at Assets/Script/Player/Weapon/BaseWeapon.cs:65)
Aim_Gun:OnUpdate () (at Assets/Script/Player/Weapon/WeaponState/Aim_Gun.cs:38)
BaseWeapon:Update () (at Assets/Script/Player/Weapon/BaseWeapon.cs:55)
ShootGun:Update () (at Assets/Script/Player/Weapon/ShootGun.cs:15)



2023-03-14-05-13-52:Invalid Layer Index '-1'
UnityEngine.Animator:Play (string)
FireState_Gun:OnEnter () (at Assets/Script/Player/Weapon/WeaponState/FireState_Gun.cs:22)
BaseWeapon:ChangeCurrenState (State_Gun) (at Assets/Script/Player/Weapon/BaseWeapon.cs:65)
Aim_Gun:OnUpdate () (at Assets/Script/Player/Weapon/WeaponState/Aim_Gun.cs:38)
BaseWeapon:Update () (at Assets/Script/Player/Weapon/BaseWeapon.cs:55)
ShootGun:Update () (at Assets/Script/Player/Weapon/ShootGun.cs:15)



2023-03-14-05-13-52:Animator.GotoState: State could not be found
UnityEngine.Animator:Play (string)
Aim_Gun:OnEnter () (at Assets/Script/Player/Weapon/WeaponState/Aim_Gun.cs:19)
BaseWeapon:ChangeCurrenState (State_Gun) (at Assets/Script/Player/Weapon/BaseWeapon.cs:65)
FireState_Gun:OnUpdate () (at Assets/Script/Player/Weapon/WeaponState/FireState_Gun.cs:43)
BaseWeapon:Update () (at Assets/Script/Player/Weapon/BaseWeapon.cs:55)
ShootGun:Update () (at Assets/Script/Player/Weapon/ShootGun.cs:15)



2023-03-14-05-13-52:Invalid Layer Index '-1'
UnityEngine.Animator:Play (string)
Aim_Gun:OnEnter () (at Assets/Script/Player/Weapon/WeaponState/Aim_Gun.cs:19)
BaseWeapon:ChangeCurrenState (State_Gun) (at Assets/Script/Player/Weapon/BaseWeapon.cs:65)
FireState_Gun:OnUpdate () (at Assets/Script/Player/Weapon/WeaponState/FireState_Gun.cs:43)
BaseWeapon:Update () (at Assets/Script/Player/Weapon/BaseWeapon.cs:55)
ShootGun:Update () (at Assets/Script/Player/Weapon/ShootGun.cs:15)



2023-03-14-05-13-53:Animator.GotoState: State could not be found
UnityEngine.Animator:Play (string)
FireState_Gun:OnEnter () (at Assets/Script/Player/Weapon/WeaponState/FireState_Gun.cs:22)
BaseWeapon:ChangeCurrenState (State_Gun) (at Assets/Script/Player/Weapon/BaseWeapon.cs:65)
Aim_Gun:OnUpdate () (at Assets/Script/Player/Weapon/WeaponState/Aim_Gun.cs:38)
BaseWeapon:Update () (at Assets/Script/Player/Weapon/BaseWeapon.cs:55)
ShootGun:Update () (at Assets/Script/Player/Weapon/ShootGun.cs:15)



2023-03-14-05-13-53:Invalid Layer Index '-1'
UnityEngine.Animator:Play (string)
FireState_Gun:OnEnter () (at Assets/Script/Player/Weapon/WeaponState/FireState_Gun.cs:22)
BaseWeapon:ChangeCurrenState (State_Gun) (at Assets/Script/Player/Weapon/BaseWeapon.cs:65)
Aim_Gun:OnUpdate () (at Assets/Script/Player/Weapon/WeaponState/Aim_Gun.cs:38)
BaseWeapon:Update () (at Assets/Script/Player/Weapon/BaseWeapon.cs:55)
ShootGun:Update () (at Assets/Script/Player/Weapon/ShootGun.cs:15)



2023-03-14-05-13-53:Animator.GotoState: State could not be found
UnityEngine.Animator:Play (string)
Aim_Gun:OnEnter () (at Assets/Script/Player/Weapon/WeaponState/Aim_Gun.cs:19)
BaseWeapon:ChangeCurrenState (State_Gun) (at Assets/Script/Player/Weapon/BaseWeapon.cs:65)
FireState_Gun:OnUpdate () (at Assets/Script/Player/Weapon/WeaponState/FireState_Gun.cs:43)
BaseWeapon:Update () (at Assets/Script/Player/Weapon/BaseWeapon.cs:55)
ShootGun:Update () (at Assets/Script/Player/Weapon/ShootGun.cs:15)



2023-03-14-05-13-53:Invalid Layer Index '-1'
UnityEngine.Animator:Play (string)
Aim_Gun:OnEnter () (at Assets/Script/Player/Weapon/WeaponState/Aim_Gun.cs:19)
BaseWeapon:ChangeCurrenState (State_Gun) (at Assets/Script/Player/Weapon/BaseWeapon.cs:65)
FireState_Gun:OnUpdate () (at Assets/Script/Player/Weapon/WeaponState/FireState_Gun.cs:43)
BaseWeapon:Update () (at Assets/Script/Player/Weapon/BaseWeapon.cs:55)
ShootGun:Update () (at Assets/Script/Player/Weapon/ShootGun.cs:15)



2023-03-14-05-13-56:Animator.GotoState: State could not be found
UnityEngine.Animator:Play (string)
FireState_Gun:OnEnter () (at Assets/Script/Player/Weapon/WeaponState/FireState_Gun.cs:22)
BaseWeapon:ChangeCurrenState (State_Gun) (at Assets/Script/Player/Weapon/BaseWeapon.cs:65)
Aim_Gun:OnUpdate () (at Assets/Script/Player/Weapon/WeaponState/Aim_Gun.cs:38)
BaseWeapon:Update () (at Assets/Script/Player/Weapon/BaseWeapon.cs:55)
ShootGun:Update () (at Assets/Script/Player/Weapon/ShootGun.cs:15)



2023-03-14-05-13-56:Invalid Layer Index '-1'
UnityEngine.Animator:Play (string)
FireState_Gun:OnEnter () (at Assets/Script/Player/Weapon/WeaponState/FireState_Gun.cs:22)
BaseWeapon:ChangeCurrenState (State_Gun) (at Assets/Script/Player/Weapon/BaseWeapon.cs:65)
Aim_Gun:OnUpdate () (at Assets/Script/Player/Weapon/WeaponState/Aim_Gun.cs:38)
BaseWeapon:Update () (at Assets/Script/Player/Weapon/BaseWeapon.cs:55)
ShootGun:Update () (at Assets/Script/Player/Weapon/ShootGun.cs:15)



2023-03-14-05-13-56:Animator.GotoState: State could not be found
UnityEngine.Animator:Play (string)
Aim_Gun:OnEnter () (at Assets/Script/Player/Weapon/WeaponState/Aim_Gun.cs:19)
BaseWeapon:ChangeCurrenState (State_Gun) (at Assets/Script/Player/Weapon/BaseWeapon.cs:65)
FireState_Gun:OnUpdate () (at Assets/Script/Player/Weapon/WeaponState/FireState_Gun.cs:43)
BaseWeapon:Update () (at Assets/Script/Player/Weapon/BaseWeapon.cs:55)
ShootGun:Update () (at Assets/Script/Player/Weapon/ShootGun.cs:15)



2023-03-14-05-13-56:Invalid Layer Index '-1'
UnityEngine.Animator:Play (string)
Aim_Gun:OnEnter () (at Assets/Script/Player/Weapon/WeaponState/Aim_Gun.cs:19)
BaseWeapon:ChangeCurrenState (State_Gun) (at Assets/Script/Player/Weapon/BaseWeapon.cs:65)
FireState_Gun:OnUpdate () (at Assets/Script/Player/Weapon/WeaponState/FireState_Gun.cs:43)
BaseWeapon:Update () (at Assets/Script/Player/Weapon/BaseWeapon.cs:55)
ShootGun:Update () (at Assets/Script/Player/Weapon/ShootGun.cs:15)



2023-03-14-05-13-57:Animator.GotoState: State could not be found
UnityEngine.Animator:Play (string)
FireState_Gun:OnEnter () (at Assets/Script/Player/Weapon/WeaponState/FireState_Gun.cs:22)
BaseWeapon:ChangeCurrenState (State_Gun) (at Assets/Script/Player/Weapon/BaseWeapon.cs:65)
Aim_Gun:OnUpdate () (at Assets/Script/Player/Weapon/WeaponState/Aim_Gun.cs:38)
BaseWeapon:Update () (at Assets/Script/Player/Weapon/BaseWeapon.cs:55)
ShootGun:Update () (at Assets/Script/Player/Weapon/ShootGun.cs:15)



2023-03-14-05-13-57:Invalid Layer Index '-1'
UnityEngine.Animator:Play (string)
FireState_Gun:OnEnter () (at Assets/Script/Player/Weapon/WeaponState/FireState_Gun.cs:22)
BaseWeapon:ChangeCurrenState (State_Gun) (at Assets/Script/Player/Weapon/BaseWeapon.cs:65)
Aim_Gun:OnUpdate () (at Assets/Script/Player/Weapon/WeaponState/Aim_Gun.cs:38)
BaseWeapon:Update () (at Assets/Script/Player/Weapon/BaseWeapon.cs:55)
ShootGun:Update () (at Assets/Script/Player/Weapon/ShootGun.cs:15)



2023-03-14-05-13-57:Animator.GotoState: State could not be found
UnityEngine.Animator:Play (string)
Aim_Gun:OnEnter () (at Assets/Script/Player/Weapon/WeaponState/Aim_Gun.cs:19)
BaseWeapon:ChangeCurrenState (State_Gun) (at Assets/Script/Player/Weapon/BaseWeapon.cs:65)
FireState_Gun:OnUpdate () (at Assets/Script/Player/Weapon/WeaponState/FireState_Gun.cs:43)
BaseWeapon:Update () (at Assets/Script/Player/Weapon/BaseWeapon.cs:55)
ShootGun:Update () (at Assets/Script/Player/Weapon/ShootGun.cs:15)



2023-03-14-05-13-57:Invalid Layer Index '-1'
UnityEngine.Animator:Play (string)
Aim_Gun:OnEnter () (at Assets/Script/Player/Weapon/WeaponState/Aim_Gun.cs:19)
BaseWeapon:ChangeCurrenState (State_Gun) (at Assets/Script/Player/Weapon/BaseWeapon.cs:65)
FireState_Gun:OnUpdate () (at Assets/Script/Player/Weapon/WeaponState/FireState_Gun.cs:43)
BaseWeapon:Update () (at Assets/Script/Player/Weapon/BaseWeapon.cs:55)
ShootGun:Update () (at Assets/Script/Player/Weapon/ShootGun.cs:15)



2023-03-14-05-13-58:Animator.GotoState: State could not be found
UnityEngine.Animator:Play (string)
FireState_Gun:OnEnter () (at Assets/Script/Player/Weapon/WeaponState/FireState_Gun.cs:22)
BaseWeapon:ChangeCurrenState (State_Gun) (at Assets/Script/Player/Weapon/BaseWeapon.cs:65)
Aim_Gun:OnUpdate () (at Assets/Script/Player/Weapon/WeaponState/Aim_Gun.cs:38)
BaseWeapon:Update () (at Assets/Script/Player/Weapon/BaseWeapon.cs:55)
ShootGun:Update () (at Assets/Script/Player/Weapon/ShootGun.cs:15)



2023-03-14-05-13-58:Invalid Layer Index '-1'
UnityEngine.Animator:Play (string)
FireState_Gun:OnEnter () (at Assets/Script/Player/Weapon/WeaponState/FireState_Gun.cs:22)
BaseWeapon:ChangeCurrenState (State_Gun) (at Assets/Script/Player/Weapon/BaseWeapon.cs:65)
Aim_Gun:OnUpdate () (at Assets/Script/Player/Weapon/WeaponState/Aim_Gun.cs:38)
BaseWeapon:Update () (at Assets/Script/Player/Weapon/BaseWeapon.cs:55)
ShootGun:Update () (at Assets/Script/Player/Weapon/ShootGun.cs:15)



2023-03-14-05-13-58:Animator.GotoState: State could not be found
UnityEngine.Animator:Play (string)
Aim_Gun:OnEnter () (at Assets/Script/Player/Weapon/WeaponState/Aim_Gun.cs:19)
BaseWeapon:ChangeCurrenState (State_Gun) (at Assets/Script/Player/Weapon/BaseWeapon.cs:65)
FireState_Gun:OnUpdate () (at Assets/Script/Player/Weapon/WeaponState/FireState_Gun.cs:43)
BaseWeapon:Update () (at Assets/Script/Player/Weapon/BaseWeapon.cs:55)
ShootGun:Update () (at Assets/Script/Player/Weapon/ShootGun.cs:15)



2023-03-14-05-13-58:Invalid Layer Index '-1'
UnityEngine.Animator:Play (string)
Aim_Gun:OnEnter () (at Assets/Script/Player/Weapon/WeaponState/Aim_Gun.cs:19)
BaseWeapon:ChangeCurrenState (State_Gun) (at Assets/Script/Player/Weapon/BaseWeapon.cs:65)
FireState_Gun:OnUpdate () (at Assets/Script/Player/Weapon/WeaponState/FireState_Gun.cs:43)
BaseWeapon:Update () (at Assets/Script/Player/Weapon/BaseWeapon.cs:55)
ShootGun:Update () (at Assets/Script/Player/Weapon/ShootGun.cs:15)



2023-03-14-05-13-59:Animator.GotoState: State could not be found
UnityEngine.Animator:Play (string)
FireState_Gun:OnEnter () (at Assets/Script/Player/Weapon/WeaponState/FireState_Gun.cs:22)
BaseWeapon:ChangeCurrenState (State_Gun) (at Assets/Script/Player/Weapon/BaseWeapon.cs:65)
Aim_Gun:OnUpdate () (at Assets/Script/Player/Weapon/WeaponState/Aim_Gun.cs:38)
BaseWeapon:Update () (at Assets/Script/Player/Weapon/BaseWeapon.cs:55)
ShootGun:Update () (at Assets/Script/Player/Weapon/ShootGun.cs:15)



2023-03-14-05-13-59:Invalid Layer Index '-1'
UnityEngine.Animator:Play (string)
FireState_Gun:OnEnter () (at Assets/Script/Player/Weapon/WeaponState/FireState_Gun.cs:22)
BaseWeapon:ChangeCurrenState (State_Gun) (at Assets/Script/Player/Weapon/BaseWeapon.cs:65)
Aim_Gun:OnUpdate () (at Assets/Script/Player/Weapon/WeaponState/Aim_Gun.cs:38)
BaseWeapon:Update () (at Assets/Script/Player/Weapon/BaseWeapon.cs:55)
ShootGun:Update () (at Assets/Script/Player/Weapon/ShootGun.cs:15)



2023-03-14-05-13-59:Animator.GotoState: State could not be found
UnityEngine.Animator:Play (string)
Aim_Gun:OnEnter () (at Assets/Script/Player/Weapon/WeaponState/Aim_Gun.cs:19)
BaseWeapon:ChangeCurrenState (State_Gun) (at Assets/Script/Player/Weapon/BaseWeapon.cs:65)
FireState_Gun:OnUpdate () (at Assets/Script/Player/Weapon/WeaponState/FireState_Gun.cs:43)
BaseWeapon:Update () (at Assets/Script/Player/Weapon/BaseWeapon.cs:55)
ShootGun:Update () (at Assets/Script/Player/Weapon/ShootGun.cs:15)



2023-03-14-05-13-59:Invalid Layer Index '-1'
UnityEngine.Animator:Play (string)
Aim_Gun:OnEnter () (at Assets/Script/Player/Weapon/WeaponState/Aim_Gun.cs:19)
BaseWeapon:ChangeCurrenState (State_Gun) (at Assets/Script/Player/Weapon/BaseWeapon.cs:65)
FireState_Gun:OnUpdate () (at Assets/Script/Player/Weapon/WeaponState/FireState_Gun.cs:43)
BaseWeapon:Update () (at Assets/Script/Player/Weapon/BaseWeapon.cs:55)
ShootGun:Update () (at Assets/Script/Player/Weapon/ShootGun.cs:15)



2023-03-14-05-14-00:Animator.GotoState: State could not be found
UnityEngine.Animator:Play (string)
FireState_Gun:OnEnter () (at Assets/Script/Player/Weapon/WeaponState/FireState_Gun.cs:22)
BaseWeapon:ChangeCurrenState (State_Gun) (at Assets/Script/Player/Weapon/BaseWeapon.cs:65)
Aim_Gun:OnUpdate () (at Assets/Script/Player/Weapon/WeaponState/Aim_Gun.cs:38)
BaseWeapon:Update () (at Assets/Script/Player/Weapon/BaseWeapon.cs:55)
ShootGun:Update () (at Assets/Script/Player/Weapon/ShootGun.cs:15)



2023-03-14-05-14-00:Invalid Layer Index '-1'
UnityEngine.Animator:Play (string)
FireState_Gun:OnEnter () (at Assets/Script/Player/Weapon/WeaponState/FireState_Gun.cs:22)
BaseWeapon:ChangeCurrenState (State_Gun) (at Assets/Script/Player/Weapon/BaseWeapon.cs:65)
Aim_Gun:OnUpdate () (at Assets/Script/Player/Weapon/WeaponState/Aim_Gun.cs:38)
BaseWeapon:Update () (at Assets/Script/Player/Weapon/BaseWeapon.cs:55)
ShootGun:Update () (at Assets/Script/Player/Weapon/ShootGun.cs:15)



2023-03-14-05-14-00:Animator.GotoState: State could not be found
UnityEngine.Animator:Play (string)
Aim_Gun:OnEnter () (at Assets/Script/Player/Weapon/WeaponState/Aim_Gun.cs:19)
BaseWeapon:ChangeCurrenState (State_Gun) (at Assets/Script/Player/Weapon/BaseWeapon.cs:65)
FireState_Gun:OnUpdate () (at Assets/Script/Player/Weapon/WeaponState/FireState_Gun.cs:43)
BaseWeapon:Update () (at Assets/Script/Player/Weapon/BaseWeapon.cs:55)
ShootGun:Update () (at Assets/Script/Player/Weapon/ShootGun.cs:15)



2023-03-14-05-14-00:Invalid Layer Index '-1'
UnityEngine.Animator:Play (string)
Aim_Gun:OnEnter () (at Assets/Script/Player/Weapon/WeaponState/Aim_Gun.cs:19)
BaseWeapon:ChangeCurrenState (State_Gun) (at Assets/Script/Player/Weapon/BaseWeapon.cs:65)
FireState_Gun:OnUpdate () (at Assets/Script/Player/Weapon/WeaponState/FireState_Gun.cs:43)
BaseWeapon:Update () (at Assets/Script/Player/Weapon/BaseWeapon.cs:55)
ShootGun:Update () (at Assets/Script/Player/Weapon/ShootGun.cs:15)



2023-03-14-05-14-01:Animator.GotoState: State could not be found
UnityEngine.Animator:Play (string)
FireState_Gun:OnEnter () (at Assets/Script/Player/Weapon/WeaponState/FireState_Gun.cs:22)
BaseWeapon:ChangeCurrenState (State_Gun) (at Assets/Script/Player/Weapon/BaseWeapon.cs:65)
Aim_Gun:OnUpdate () (at Assets/Script/Player/Weapon/WeaponState/Aim_Gun.cs:38)
BaseWeapon:Update () (at Assets/Script/Player/Weapon/BaseWeapon.cs:55)
ShootGun:Update () (at Assets/Script/Player/Weapon/ShootGun.cs:15)



2023-03-14-05-14-01:Invalid Layer Index '-1'
UnityEngine.Animator:Play (string)
FireState_Gun:OnEnter () (at Assets/Script/Player/Weapon/WeaponState/FireState_Gun.cs:22)
BaseWeapon:ChangeCurrenState (State_Gun) (at Assets/Script/Player/Weapon/BaseWeapon.cs:65)
Aim_Gun:OnUpdate () (at Assets/Script/Player/Weapon/WeaponState/Aim_Gun.cs:38)
BaseWeapon:Update () (at Assets/Script/Player/Weapon/BaseWeapon.cs:55)
ShootGun:Update () (at Assets/Script/Player/Weapon/ShootGun.cs:15)



2023-03-14-05-14-01:Animator.GotoState: State could not be found
UnityEngine.Animator:Play (string)
Aim_Gun:OnEnter () (at Assets/Script/Player/Weapon/WeaponState/Aim_Gun.cs:19)
BaseWeapon:ChangeCurrenState (State_Gun) (at Assets/Script/Player/Weapon/BaseWeapon.cs:65)
FireState_Gun:OnUpdate () (at Assets/Script/Player/Weapon/WeaponState/FireState_Gun.cs:43)
BaseWeapon:Update () (at Assets/Script/Player/Weapon/BaseWeapon.cs:55)
ShootGun:Update () (at Assets/Script/Player/Weapon/ShootGun.cs:15)



2023-03-14-05-14-01:Invalid Layer Index '-1'
UnityEngine.Animator:Play (string)
Aim_Gun:OnEnter () (at Assets/Script/Player/Weapon/WeaponState/Aim_Gun.cs:19)
BaseWeapon:ChangeCurrenState (State_Gun) (at Assets/Script/Player/Weapon/BaseWeapon.cs:65)
FireState_Gun:OnUpdate () (at Assets/Script/Player/Weapon/WeaponState/FireState_Gun.cs:43)
BaseWeapon:Update () (at Assets/Script/Player/Weapon/BaseWeapon.cs:55)
ShootGun:Update () (at Assets/Script/Player/Weapon/ShootGun.cs:15)



2023-03-14-05-14-02:Animator.GotoState: State could not be found
UnityEngine.Animator:Play (string)
FireState_Gun:OnEnter () (at Assets/Script/Player/Weapon/WeaponState/FireState_Gun.cs:22)
BaseWeapon:ChangeCurrenState (State_Gun) (at Assets/Script/Player/Weapon/BaseWeapon.cs:65)
Aim_Gun:OnUpdate () (at Assets/Script/Player/Weapon/WeaponState/Aim_Gun.cs:38)
BaseWeapon:Update () (at Assets/Script/Player/Weapon/BaseWeapon.cs:55)
ShootGun:Update () (at Assets/Script/Player/Weapon/ShootGun.cs:15)



2023-03-14-05-14-02:Invalid Layer Index '-1'
UnityEngine.Animator:Play (string)
FireState_Gun:OnEnter () (at Assets/Script/Player/Weapon/WeaponState/FireState_Gun.cs:22)
BaseWeapon:ChangeCurrenState (State_Gun) (at Assets/Script/Player/Weapon/BaseWeapon.cs:65)
Aim_Gun:OnUpdate () (at Assets/Script/Player/Weapon/WeaponState/Aim_Gun.cs:38)
BaseWeapon:Update () (at Assets/Script/Player/Weapon/BaseWeapon.cs:55)
ShootGun:Update () (at Assets/Script/Player/Weapon/ShootGun.cs:15)



2023-03-14-05-14-02:Animator.GotoState: State could not be found
UnityEngine.Animator:Play (string)
Aim_Gun:OnEnter () (at Assets/Script/Player/Weapon/WeaponState/Aim_Gun.cs:19)
BaseWeapon:ChangeCurrenState (State_Gun) (at Assets/Script/Player/Weapon/BaseWeapon.cs:65)
FireState_Gun:OnUpdate () (at Assets/Script/Player/Weapon/WeaponState/FireState_Gun.cs:43)
BaseWeapon:Update () (at Assets/Script/Player/Weapon/BaseWeapon.cs:55)
ShootGun:Update () (at Assets/Script/Player/Weapon/ShootGun.cs:15)



2023-03-14-05-14-02:Invalid Layer Index '-1'
UnityEngine.Animator:Play (string)
Aim_Gun:OnEnter () (at Assets/Script/Player/Weapon/WeaponState/Aim_Gun.cs:19)
BaseWeapon:ChangeCurrenState (State_Gun) (at Assets/Script/Player/Weapon/BaseWeapon.cs:65)
FireState_Gun:OnUpdate () (at Assets/Script/Player/Weapon/WeaponState/FireState_Gun.cs:43)
BaseWeapon:Update () (at Assets/Script/Player/Weapon/BaseWeapon.cs:55)
ShootGun:Update () (at Assets/Script/Player/Weapon/ShootGun.cs:15)



2023-03-14-05-14-03:Animator.GotoState: State could not be found
UnityEngine.Animator:Play (string)
FireState_Gun:OnEnter () (at Assets/Script/Player/Weapon/WeaponState/FireState_Gun.cs:22)
BaseWeapon:ChangeCurrenState (State_Gun) (at Assets/Script/Player/Weapon/BaseWeapon.cs:65)
Aim_Gun:OnUpdate () (at Assets/Script/Player/Weapon/WeaponState/Aim_Gun.cs:38)
BaseWeapon:Update () (at Assets/Script/Player/Weapon/BaseWeapon.cs:55)
ShootGun:Update () (at Assets/Script/Player/Weapon/ShootGun.cs:15)



2023-03-14-05-14-03:Invalid Layer Index '-1'
UnityEngine.Animator:Play (string)
FireState_Gun:OnEnter () (at Assets/Script/Player/Weapon/WeaponState/FireState_Gun.cs:22)
BaseWeapon:ChangeCurrenState (State_Gun) (at Assets/Script/Player/Weapon/BaseWeapon.cs:65)
Aim_Gun:OnUpdate () (at Assets/Script/Player/Weapon/WeaponState/Aim_Gun.cs:38)
BaseWeapon:Update () (at Assets/Script/Player/Weapon/BaseWeapon.cs:55)
ShootGun:Update () (at Assets/Script/Player/Weapon/ShootGun.cs:15)



2023-03-14-05-14-03:Animator.GotoState: State could not be found
UnityEngine.Animator:Play (string)
Aim_Gun:OnEnter () (at Assets/Script/Player/Weapon/WeaponState/Aim_Gun.cs:19)
BaseWeapon:ChangeCurrenState (State_Gun) (at Assets/Script/Player/Weapon/BaseWeapon.cs:65)
FireState_Gun:OnUpdate () (at Assets/Script/Player/Weapon/WeaponState/FireState_Gun.cs:43)
BaseWeapon:Update () (at Assets/Script/Player/Weapon/BaseWeapon.cs:55)
ShootGun:Update () (at Assets/Script/Player/Weapon/ShootGun.cs:15)



2023-03-14-05-14-03:Invalid Layer Index '-1'
UnityEngine.Animator:Play (string)
Aim_Gun:OnEnter () (at Assets/Script/Player/Weapon/WeaponState/Aim_Gun.cs:19)
BaseWeapon:ChangeCurrenState (State_Gun) (at Assets/Script/Player/Weapon/BaseWeapon.cs:65)
FireState_Gun:OnUpdate () (at Assets/Script/Player/Weapon/WeaponState/FireState_Gun.cs:43)
BaseWeapon:Update () (at Assets/Script/Player/Weapon/BaseWeapon.cs:55)
ShootGun:Update () (at Assets/Script/Player/Weapon/ShootGun.cs:15)



2023-03-14-05-15-24:1
UnityEngine.Debug:Log (object)
GameMain:Update () (at Assets/Script/GameMain.cs:18)



2023-03-14-05-15-24:2
UnityEngine.Debug:Log (object)
WeaponManage:addWeapon (string) (at Assets/Script/Player/Weapon/WeaponManage.cs:32)
GameMain:Update () (at Assets/Script/GameMain.cs:19)



2023-03-14-05-15-24:3
UnityEngine.Debug:Log (object)
BaseWeapon:InitCfg (WeaponCfg) (at Assets/Script/Player/Weapon/BaseWeapon.cs:86)
WeaponManage:addWeapon (string) (at Assets/Script/Player/Weapon/WeaponManage.cs:40)
GameMain:Update () (at Assets/Script/GameMain.cs:19)



2023-03-14-05-15-31:1
UnityEngine.Debug:Log (object)
GameMain:Update () (at Assets/Script/GameMain.cs:18)



2023-03-14-05-15-31:2
UnityEngine.Debug:Log (object)
WeaponManage:addWeapon (string) (at Assets/Script/Player/Weapon/WeaponManage.cs:32)
GameMain:Update () (at Assets/Script/GameMain.cs:19)



2023-03-14-05-15-31:3
UnityEngine.Debug:Log (object)
BaseWeapon:InitCfg (WeaponCfg) (at Assets/Script/Player/Weapon/BaseWeapon.cs:86)
WeaponManage:addWeapon (string) (at Assets/Script/Player/Weapon/WeaponManage.cs:40)
GameMain:Update () (at Assets/Script/GameMain.cs:19)


